0001_0010_0010_0060_0060.jpg 1 10 10 60 60
0002_0011_0031_0042_0042.jpg 1 11 31 42 42
0003_0019_0011_0051_0051.jpg 1 19 11 51 51
0004_0013_0006_0058_0058.jpg 1 13 6 58 58
0005_0013_0027_0050_0050.jpg 1 13 27 50 50
0006_0025_0031_0058_0058.jpg 1 25 31 58 58
0007_0040_0018_0040_0040.jpg 1 40 18 40 40
0008_0004_0010_0062_0062.jpg 1 4 10 62 62
0009_0012_0014_0057_0057.jpg 1 12 14 57 57
0010_0012_0008_0064_0064.jpg 1 12 8 64 64
0011_0009_0047_0039_0039.jpg 1 9 47 39 39
0012_0026_0007_0054_0054.jpg 1 26 7 54 54
0013_0021_0020_0055_0055.jpg 1 21 20 55 55
0014_0012_0012_0024_0024.jpg 1 12 12 24 24
0015_0011_0006_0047_0047.jpg 1 11 6 47 47
0016_0005_0022_0053_0053.jpg 1 5 22 53 53
0017_0014_0023_0057_0057.jpg 1 14 23 57 57
0018_0019_0012_0053_0053.jpg 1 19 12 53 53
0019_0008_0020_0032_0032.jpg 1 8 20 32 32
0020_0048_0053_0029_0029.jpg 1 48 53 29 29
0021_0012_0023_0068_0068.jpg 1 12 23 68 68
0022_0011_0046_0034_0034.jpg 1 11 46 34 34
0023_0020_0016_0064_0064.jpg 1 20 16 64 64
0024_0022_0024_0051_0051.jpg 1 22 24 51 51
0025_0025_0034_0041_0041.jpg 1 25 34 41 41
0026_0015_0035_0048_0048.jpg 1 15 35 48 48
0027_0041_0006_0046_0046.jpg 1 41 6 46 46
0028_0004_0005_0069_0069.jpg 1 4 5 69 69
0029_0014_0023_0059_0059.jpg 1 14 23 59 59
0030_0012_0023_0061_0061.jpg 1 12 23 61 61
0031_0019_0017_0068_0068.jpg 1 19 17 68 68
0032_0036_0010_0031_0031.jpg 1 36 10 31 31
0033_0031_0030_0032_0032.jpg 1 31 30 32 32
0034_0029_0021_0050_0050.jpg 1 29 21 50 50
0035_0010_0018_0067_0067.jpg 1 10 18 67 67
0036_0023_0047_0034_0034.jpg 1 23 47 34 34
0037_0030_0022_0040_0040.jpg 1 30 22 40 40
0038_0030_0040_0037_0037.jpg 1 30 40 37 37
0039_0017_0008_0052_0052.jpg 1 17 8 52 52
0040_0048_0050_0027_0027.jpg 1 48 50 27 27
0041_0025_0034_0039_0039.jpg 1 25 34 39 39
0042_0006_0015_0052_0052.jpg 1 6 15 52 52
0043_0037_0020_0047_0047.jpg 1 37 20 47 47
0044_0050_0018_0033_0033.jpg 1 50 18 33 33
0045_0009_0035_0041_0041.jpg 1 9 35 41 41
0046_0034_0050_0030_0030.jpg 1 34 50 30 30
0047_0015_0012_0051_0051.jpg 1 15 12 51 51
0048_0029_0046_0040_0040.jpg 1 29 46 40 40
0049_0013_0044_0027_0027.jpg 1 13 44 27 27
0050_0017_0010_0024_0024.jpg 1 17 10 24 24
0051_0017_0042_0037_0037.jpg 1 17 42 37 37
0052_0022_0017_0024_0024.jpg 1 22 17 24 24
0053_0025_0039_0047_0047.jpg 1 25 39 47 47
0054_0044_0050_0027_0027.jpg 1 44 50 27 27
0055_0021_0044_0036_0036.jpg 1 21 44 36 36
0056_0018_0014_0068_0068.jpg 1 18 14 68 68
0057_0007_0010_0058_0058.jpg 1 7 10 58 58
0058_0015_0045_0027_0027.jpg 1 15 45 27 27
0059_0019_0011_0062_0062.jpg 1 19 11 62 62
0060_0018_0018_0066_0066.jpg 1 18 18 66 66
0061_0040_0016_0024_0024.jpg 1 40 16 24 24
0062_0035_0024_0055_0055.jpg 1 35 24 55 55
0063_0006_0039_0042_0042.jpg 1 6 39 42 42
0064_0045_0024_0042_0042.jpg 1 45 24 42 42
0065_0013_0018_0069_0069.jpg 1 13 18 69 69
0066_0031_0036_0045_0045.jpg 1 31 36 45 45
0067_0021_0024_0030_0030.jpg 1 21 24 30 30
0068_0038_0007_0041_0041.jpg 1 38 7 41 41
0069_0015_0010_0064_0064.jpg 1 15 10 64 64
0070_0050_0017_0029_0029.jpg 1 50 17 29 29
0071_0020_0025_0064_0064.jpg 1 20 25 64 64
0072_0013_0012_0053_0053.jpg 1 13 12 53 53
0073_0007_0031_0031_0031.jpg 1 7 31 31 31
0074_0024_0024_0068_0068.jpg 1 24 24 68 68
0075_0015_0011_0033_0033.jpg 1 15 11 33 33
0076_0024_0032_0040_0040.jpg 1 24 32 40 40
0077_0012_0011_0068_0068.jpg 1 12 11 68 68
0078_0022_0054_0028_0028.jpg 1 22 54 28 28
0079_0009_0019_0047_0047.jpg 1 9 19 47 47
0080_0012_0032_0049_0049.jpg 1 12 32 49 49
0081_0027_0032_0050_0050.jpg 1 27 32 50 50
0082_0018_0050_0032_0032.jpg 1 18 50 32 32
0083_0015_0026_0062_0062.jpg 1 15 26 62 62
0084_0049_0033_0033_0033.jpg 1 49 33 33 33
0085_0017_0010_0069_0069.jpg 1 17 10 69 69
0086_0006_0033_0051_0051.jpg 1 6 33 51 51
0087_0023_0021_0066_0066.jpg 1 23 21 66 66
0088_0033_0024_0056_0056.jpg 1 33 24 56 56
0089_0020_0012_0047_0047.jpg 1 20 12 47 47
0090_0041_0036_0035_0035.jpg 1 41 36 35 35
0091_0011_0021_0039_0039.jpg 1 11 21 39 39
0092_0008_0026_0062_0062.jpg 1 8 26 62 62
0093_0027_0031_0052_0052.jpg 1 27 31 52 52
0094_0019_0006_0049_0049.jpg 1 19 6 49 49
0095_0016_0016_0065_0065.jpg 1 16 16 65 65
0096_0012_0017_0059_0059.jpg 1 12 17 59 59
0097_0016_0024_0064_0064.jpg 1 16 24 64 64
0098_0045_0029_0035_0035.jpg 1 45 29 35 35
0099_0008_0030_0046_0046.jpg 1 8 30 46 46
0100_0013_0052_0026_0026.jpg 1 13 52 26 26
0101_0057_0051_0027_0027.jpg 1 57 51 27 27
0102_0006_0009_0066_0066.jpg 1 6 9 66 66
0103_0017_0007_0064_0064.jpg 1 17 7 64 64
0104_0011_0025_0066_0066.jpg 1 11 25 66 66
0105_0016_0018_0060_0060.jpg 1 16 18 60 60
0106_0031_0010_0025_0025.jpg 1 31 10 25 25
0107_0011_0045_0031_0031.jpg 1 11 45 31 31
0108_0027_0028_0042_0042.jpg 1 27 28 42 42
0109_0026_0027_0065_0065.jpg 1 26 27 65 65
0110_0013_0017_0050_0050.jpg 1 13 17 50 50
0111_0015_0033_0057_0057.jpg 1 15 33 57 57
0112_0039_0027_0041_0041.jpg 1 39 27 41 41
0113_0035_0044_0040_0040.jpg 1 35 44 40 40
0114_0022_0013_0059_0059.jpg 1 22 13 59 59
0115_0014_0032_0027_0027.jpg 1 14 32 27 27
0116_0030_0031_0040_0040.jpg 1 30 31 40 40
0117_0010_0023_0057_0057.jpg 1 10 23 57 57
0118_0008_0019_0058_0058.jpg 1 8 19 58 58
0119_0022_0030_0042_0042.jpg 1 22 30 42 42
0120_0044_0021_0031_0031.jpg 1 44 21 31 31
0121_0037_0023_0025_0025.jpg 1 37 23 25 25
0122_0037_0009_0028_0028.jpg 1 37 9 28 28
0123_0057_0041_0024_0024.jpg 1 57 41 24 24
0124_0005_0020_0067_0067.jpg 1 5 20 67 67
0125_0031_0032_0058_0058.jpg 1 31 32 58 58
0126_0034_0008_0057_0057.jpg 1 34 8 57 57
0127_0015_0009_0068_0068.jpg 1 15 9 68 68
0128_0023_0047_0026_0026.jpg 1 23 47 26 26
0129_0024_0034_0041_0041.jpg 1 24 34 41 41
0130_0033_0040_0044_0044.jpg 1 33 40 44 44
0131_0009_0004_0068_0068.jpg 1 9 4 68 68
0132_0007_0043_0042_0042.jpg 1 7 43 42 42
0133_0009_0032_0059_0059.jpg 1 9 32 59 59
0134_0017_0012_0063_0063.jpg 1 17 12 63 63
0135_0033_0033_0058_0058.jpg 1 33 33 58 58
0136_0025_0014_0049_0049.jpg 1 25 14 49 49
0137_0031_0039_0046_0046.jpg 1 31 39 46 46
0138_0033_0033_0041_0041.jpg 1 33 33 41 41
0139_0030_0035_0045_0045.jpg 1 30 35 45 45
0140_0034_0034_0035_0035.jpg 1 34 34 35 35
0141_0019_0009_0063_0063.jpg 1 19 9 63 63
0142_0008_0017_0069_0069.jpg 1 8 17 69 69
0143_0017_0030_0047_0047.jpg 1 17 30 47 47
0144_0020_0020_0037_0037.jpg 1 20 20 37 37
0145_0004_0012_0064_0064.jpg 1 4 12 64 64
0146_0013_0046_0029_0029.jpg 1 13 46 29 29
0147_0042_0040_0035_0035.jpg 1 42 40 35 35
0148_0028_0021_0046_0046.jpg 1 28 21 46 46
0149_0035_0011_0055_0055.jpg 1 35 11 55 55
0150_0043_0028_0043_0043.jpg 1 43 28 43 43
0151_0051_0039_0032_0032.jpg 1 51 39 32 32
0152_0034_0022_0047_0047.jpg 1 34 22 47 47
0153_0016_0008_0046_0046.jpg 1 16 8 46 46
0154_0008_0020_0056_0056.jpg 1 8 20 56 56
0155_0039_0026_0049_0049.jpg 1 39 26 49 49
0156_0023_0037_0032_0032.jpg 1 23 37 32 32
0157_0032_0010_0026_0026.jpg 1 32 10 26 26
0158_0021_0011_0025_0025.jpg 1 21 11 25 25
0159_0013_0014_0069_0069.jpg 1 13 14 69 69
0160_0026_0022_0038_0038.jpg 1 26 22 38 38
0161_0006_0011_0058_0058.jpg 1 6 11 58 58
0162_0018_0042_0031_0031.jpg 1 18 42 31 31
0163_0008_0030_0035_0035.jpg 1 8 30 35 35
0164_0026_0016_0041_0041.jpg 1 26 16 41 41
0165_0026_0009_0054_0054.jpg 1 26 9 54 54
0166_0041_0041_0042_0042.jpg 1 41 41 42 42
0167_0018_0042_0028_0028.jpg 1 18 42 28 28
0168_0054_0041_0026_0026.jpg 1 54 41 26 26
0169_0008_0016_0036_0036.jpg 1 8 16 36 36
0170_0015_0044_0029_0029.jpg 1 15 44 29 29
0171_0023_0015_0024_0024.jpg 1 23 15 24 24
0172_0016_0026_0066_0066.jpg 1 16 26 66 66
0173_0013_0015_0039_0039.jpg 1 13 15 39 39
0174_0026_0009_0060_0060.jpg 1 26 9 60 60
0175_0014_0010_0066_0066.jpg 1 14 10 66 66
0176_0049_0032_0037_0037.jpg 1 49 32 37 37
0177_0009_0008_0046_0046.jpg 1 9 8 46 46
0178_0030_0021_0034_0034.jpg 1 30 21 34 34
0179_0014_0054_0032_0032.jpg 1 14 54 32 32
0180_0046_0025_0026_0026.jpg 1 46 25 26 26
0181_0032_0012_0050_0050.jpg 1 32 12 50 50
0182_0041_0014_0044_0044.jpg 1 41 14 44 44
0183_0012_0013_0024_0024.jpg 1 12 13 24 24
0184_0024_0014_0068_0068.jpg 1 24 14 68 68
0185_0031_0010_0055_0055.jpg 1 31 10 55 55
0186_0043_0019_0026_0026.jpg 1 43 19 26 26
0187_0025_0010_0057_0057.jpg 1 25 10 57 57
0188_0017_0020_0066_0066.jpg 1 17 20 66 66
0189_0008_0029_0031_0031.jpg 1 8 29 31 31
0190_0032_0020_0044_0044.jpg 1 32 20 44 44
0191_0016_0014_0063_0063.jpg 1 16 14 63 63
0192_0005_0022_0058_0058.jpg 1 5 22 58 58
0193_0036_0009_0051_0051.jpg 1 36 9 51 51
0194_0008_0027_0059_0059.jpg 1 8 27 59 59
0195_0010_0022_0040_0040.jpg 1 10 22 40 40
0196_0032_0043_0042_0042.jpg 1 32 43 42 42
0197_0007_0031_0052_0052.jpg 1 7 31 52 52
0198_0046_0054_0025_0025.jpg 1 46 54 25 25
0199_0024_0032_0054_0054.jpg 1 24 32 54 54
0200_0015_0018_0027_0027.jpg 1 15 18 27 27
0201_0008_0031_0037_0037.jpg 1 8 31 37 37
0202_0055_0045_0024_0024.jpg 1 55 45 24 24
0203_0015_0017_0048_0048.jpg 1 15 17 48 48
0204_0050_0048_0031_0031.jpg 1 50 48 31 31
0205_0020_0008_0068_0068.jpg 1 20 8 68 68
0206_0024_0007_0036_0036.jpg 1 24 7 36 36
0207_0022_0014_0067_0067.jpg 1 22 14 67 67
0208_0024_0010_0068_0068.jpg 1 24 10 68 68
0209_0024_0008_0058_0058.jpg 1 24 8 58 58
0210_0042_0031_0024_0024.jpg 1 42 31 24 24
0211_0025_0037_0051_0051.jpg 1 25 37 51 51
0212_0022_0031_0044_0044.jpg 1 22 31 44 44
0213_0043_0016_0045_0045.jpg 1 43 16 45 45
0214_0045_0055_0030_0030.jpg 1 45 55 30 30
0215_0043_0009_0045_0045.jpg 1 43 9 45 45
0216_0035_0040_0042_0042.jpg 1 35 40 42 42
0217_0053_0056_0025_0025.jpg 1 53 56 25 25
0218_0018_0010_0035_0035.jpg 1 18 10 35 35
0219_0024_0012_0059_0059.jpg 1 24 12 59 59
0220_0011_0013_0052_0052.jpg 1 11 13 52 52
0221_0033_0021_0055_0055.jpg 1 33 21 55 55
0222_0051_0018_0027_0027.jpg 1 51 18 27 27
0223_0023_0011_0040_0040.jpg 1 23 11 40 40
0224_0011_0012_0051_0051.jpg 1 11 12 51 51
0225_0047_0049_0035_0035.jpg 1 47 49 35 35
0226_0020_0040_0047_0047.jpg 1 20 40 47 47
0227_0020_0052_0024_0024.jpg 1 20 52 24 24
0228_0050_0036_0035_0035.jpg 1 50 36 35 35
0229_0042_0036_0024_0024.jpg 1 42 36 24 24
0230_0054_0043_0028_0028.jpg 1 54 43 28 28
0231_0007_0034_0047_0047.jpg 1 7 34 47 47
0232_0010_0032_0026_0026.jpg 1 10 32 26 26
0233_0011_0012_0067_0067.jpg 1 11 12 67 67
0234_0024_0025_0065_0065.jpg 1 24 25 65 65
0235_0008_0020_0069_0069.jpg 1 8 20 69 69
0236_0045_0043_0038_0038.jpg 1 45 43 38 38
0237_0038_0042_0046_0046.jpg 1 38 42 46 46
0238_0014_0035_0044_0044.jpg 1 14 35 44 44
0239_0015_0019_0039_0039.jpg 1 15 19 39 39
0240_0013_0025_0065_0065.jpg 1 13 25 65 65
0241_0007_0026_0064_0064.jpg 1 7 26 64 64
0242_0024_0010_0054_0054.jpg 1 24 10 54 54
0243_0027_0030_0042_0042.jpg 1 27 30 42 42
0244_0032_0041_0045_0045.jpg 1 32 41 45 45
0245_0027_0034_0039_0039.jpg 1 27 34 39 39
0246_0009_0018_0055_0055.jpg 1 9 18 55 55
0247_0027_0036_0027_0027.jpg 1 27 36 27 27
0248_0031_0004_0056_0056.jpg 1 31 4 56 56
0249_0057_0024_0028_0028.jpg 1 57 24 28 28
0250_0028_0010_0063_0063.jpg 1 28 10 63 63
0251_0016_0037_0052_0052.jpg 1 16 37 52 52
0252_0019_0030_0057_0057.jpg 1 19 30 57 57
0253_0045_0028_0042_0042.jpg 1 45 28 42 42
0254_0020_0057_0025_0025.jpg 1 20 57 25 25
0255_0026_0011_0057_0057.jpg 1 26 11 57 57
0256_0022_0052_0034_0034.jpg 1 22 52 34 34
0257_0017_0027_0059_0059.jpg 1 17 27 59 59
0258_0037_0011_0050_0050.jpg 1 37 11 50 50
0259_0020_0007_0046_0046.jpg 1 20 7 46 46
0260_0013_0041_0041_0041.jpg 1 13 41 41 41
0261_0007_0026_0055_0055.jpg 1 7 26 55 55
0262_0018_0025_0059_0059.jpg 1 18 25 59 59
0263_0027_0014_0064_0064.jpg 1 27 14 64 64
0264_0018_0016_0057_0057.jpg 1 18 16 57 57
0265_0024_0032_0049_0049.jpg 1 24 32 49 49
0266_0007_0015_0068_0068.jpg 1 7 15 68 68
0267_0036_0042_0029_0029.jpg 1 36 42 29 29
0268_0014_0043_0034_0034.jpg 1 14 43 34 34
0269_0035_0015_0028_0028.jpg 1 35 15 28 28
0270_0017_0022_0056_0056.jpg 1 17 22 56 56
0271_0008_0005_0059_0059.jpg 1 8 5 59 59
0272_0012_0024_0047_0047.jpg 1 12 24 47 47
0273_0013_0014_0062_0062.jpg 1 13 14 62 62
0274_0023_0021_0066_0066.jpg 1 23 21 66 66
0275_0027_0047_0038_0038.jpg 1 27 47 38 38
0276_0028_0051_0028_0028.jpg 1 28 51 28 28
0277_0048_0054_0028_0028.jpg 1 48 54 28 28
0278_0006_0036_0046_0046.jpg 1 6 36 46 46
0279_0004_0026_0056_0056.jpg 1 4 26 56 56
0280_0012_0020_0028_0028.jpg 1 12 20 28 28
0281_0006_0018_0067_0067.jpg 1 6 18 67 67
0282_0010_0015_0064_0064.jpg 1 10 15 64 64
0283_0012_0018_0032_0032.jpg 1 12 18 32 32
0284_0037_0016_0028_0028.jpg 1 37 16 28 28
0285_0046_0011_0038_0038.jpg 1 46 11 38 38
0286_0037_0009_0029_0029.jpg 1 37 9 29 29
0287_0024_0008_0026_0026.jpg 1 24 8 26 26
0288_0019_0014_0053_0053.jpg 1 19 14 53 53
0289_0032_0022_0033_0033.jpg 1 32 22 33 33
0290_0016_0027_0034_0034.jpg 1 16 27 34 34
0291_0029_0027_0029_0029.jpg 1 29 27 29 29
0292_0039_0021_0043_0043.jpg 1 39 21 43 43
0293_0005_0014_0066_0066.jpg 1 5 14 66 66
0294_0024_0022_0058_0058.jpg 1 24 22 58 58
0295_0049_0014_0024_0024.jpg 1 49 14 24 24
0296_0017_0018_0066_0066.jpg 1 17 18 66 66
0297_0029_0024_0049_0049.jpg 1 29 24 49 49
0298_0014_0029_0047_0047.jpg 1 14 29 47 47
0299_0008_0024_0047_0047.jpg 1 8 24 47 47
0300_0027_0006_0043_0043.jpg 1 27 6 43 43
0301_0010_0032_0051_0051.jpg 1 10 32 51 51
0302_0026_0017_0032_0032.jpg 1 26 17 32 32
0303_0014_0022_0068_0068.jpg 1 14 22 68 68
0304_0019_0035_0052_0052.jpg 1 19 35 52 52
0305_0019_0044_0044_0044.jpg 1 19 44 44 44
0306_0009_0030_0047_0047.jpg 1 9 30 47 47
0307_0006_0022_0051_0051.jpg 1 6 22 51 51
0308_0007_0032_0052_0052.jpg 1 7 32 52 52
0309_0016_0010_0059_0059.jpg 1 16 10 59 59
0310_0035_0009_0044_0044.jpg 1 35 9 44 44
0311_0039_0039_0042_0042.jpg 1 39 39 42 42
0312_0031_0029_0058_0058.jpg 1 31 29 58 58
0313_0029_0012_0060_0060.jpg 1 29 12 60 60
0314_0006_0026_0047_0047.jpg 1 6 26 47 47
0315_0048_0041_0026_0026.jpg 1 48 41 26 26
0316_0048_0055_0028_0028.jpg 1 48 55 28 28
0317_0014_0040_0030_0030.jpg 1 14 40 30 30
0318_0010_0022_0063_0063.jpg 1 10 22 63 63
0319_0023_0027_0062_0062.jpg 1 23 27 62 62
0320_0012_0022_0040_0040.jpg 1 12 22 40 40
0321_0015_0008_0058_0058.jpg 1 15 8 58 58
0322_0019_0010_0048_0048.jpg 1 19 10 48 48
0323_0012_0012_0034_0034.jpg 1 12 12 34 34
0324_0007_0020_0031_0031.jpg 1 7 20 31 31
0325_0009_0012_0049_0049.jpg 1 9 12 49 49
0326_0024_0017_0063_0063.jpg 1 24 17 63 63
0327_0006_0015_0032_0032.jpg 1 6 15 32 32
0328_0050_0006_0037_0037.jpg 1 50 6 37 37
0329_0015_0015_0056_0056.jpg 1 15 15 56 56
0330_0035_0053_0024_0024.jpg 1 35 53 24 24
0331_0006_0010_0058_0058.jpg 1 6 10 58 58
0332_0009_0025_0068_0068.jpg 1 9 25 68 68
0333_0029_0020_0053_0053.jpg 1 29 20 53 53
0334_0026_0045_0034_0034.jpg 1 26 45 34 34
0335_0039_0021_0050_0050.jpg 1 39 21 50 50
0336_0037_0014_0041_0041.jpg 1 37 14 41 41
0337_0036_0021_0046_0046.jpg 1 36 21 46 46
0338_0024_0007_0060_0060.jpg 1 24 7 60 60
0339_0023_0007_0052_0052.jpg 1 23 7 52 52
0340_0034_0032_0055_0055.jpg 1 34 32 55 55
0341_0019_0011_0055_0055.jpg 1 19 11 55 55
0342_0006_0019_0047_0047.jpg 1 6 19 47 47
0343_0013_0008_0068_0068.jpg 1 13 8 68 68
0344_0056_0060_0024_0024.jpg 1 56 60 24 24
0345_0043_0028_0035_0035.jpg 1 43 28 35 35
0346_0011_0019_0050_0050.jpg 1 11 19 50 50
0347_0026_0046_0040_0040.jpg 1 26 46 40 40
0348_0037_0043_0032_0032.jpg 1 37 43 32 32
0349_0028_0040_0042_0042.jpg 1 28 40 42 42
0350_0017_0023_0046_0046.jpg 1 17 23 46 46
0351_0033_0027_0053_0053.jpg 1 33 27 53 53
0352_0048_0048_0033_0033.jpg 1 48 48 33 33
0353_0044_0052_0031_0031.jpg 1 44 52 31 31
0354_0016_0031_0049_0049.jpg 1 16 31 49 49
0355_0027_0042_0029_0029.jpg 1 27 42 29 29
0356_0040_0007_0040_0040.jpg 1 40 7 40 40
0357_0016_0037_0047_0047.jpg 1 16 37 47 47
0358_0038_0024_0033_0033.jpg 1 38 24 33 33
0359_0027_0030_0053_0053.jpg 1 27 30 53 53
0360_0022_0028_0037_0037.jpg 1 22 28 37 37
0361_0034_0021_0044_0044.jpg 1 34 21 44 44
0362_0016_0010_0039_0039.jpg 1 16 10 39 39
0363_0027_0025_0051_0051.jpg 1 27 25 51 51
0364_0023_0014_0063_0063.jpg 1 23 14 63 63
0365_0015_0011_0048_0048.jpg 1 15 11 48 48
0366_0024_0023_0066_0066.jpg 1 24 23 66 66
0367_0006_0017_0059_0059.jpg 1 6 17 59 59
0368_0054_0040_0027_0027.jpg 1 54 40 27 27
0369_0041_0028_0044_0044.jpg 1 41 28 44 44
0370_0012_0003_0068_0068.jpg 1 12 3 68 68
0371_0022_0016_0051_0051.jpg 1 22 16 51 51
0372_0020_0025_0043_0043.jpg 1 20 25 43 43
0373_0012_0006_0054_0054.jpg 1 12 6 54 54
0374_0007_0035_0033_0033.jpg 1 7 35 33 33
0375_0031_0029_0024_0024.jpg 1 31 29 24 24
0376_0025_0014_0043_0043.jpg 1 25 14 43 43
0377_0018_0008_0037_0037.jpg 1 18 8 37 37
0378_0025_0005_0061_0061.jpg 1 25 5 61 61
0379_0005_0031_0047_0047.jpg 1 5 31 47 47
0380_0026_0009_0030_0030.jpg 1 26 9 30 30
0381_0008_0026_0038_0038.jpg 1 8 26 38 38
0382_0024_0006_0042_0042.jpg 1 24 6 42 42
0383_0029_0011_0061_0061.jpg 1 29 11 61 61
0384_0009_0025_0050_0050.jpg 1 9 25 50 50
0385_0052_0012_0032_0032.jpg 1 52 12 32 32
0386_0023_0015_0054_0054.jpg 1 23 15 54 54
0387_0047_0045_0033_0033.jpg 1 47 45 33 33
0388_0051_0020_0025_0025.jpg 1 51 20 25 25
0389_0048_0024_0036_0036.jpg 1 48 24 36 36
0390_0045_0018_0032_0032.jpg 1 45 18 32 32
0391_0010_0013_0058_0058.jpg 1 10 13 58 58
0392_0022_0045_0034_0034.jpg 1 22 45 34 34
0393_0020_0007_0064_0064.jpg 1 20 7 64 64
0394_0046_0011_0028_0028.jpg 1 46 11 28 28
0395_0010_0037_0039_0039.jpg 1 10 37 39 39
0396_0033_0046_0039_0039.jpg 1 33 46 39 39
0397_0013_0008_0056_0056.jpg 1 13 8 56 56
0398_0045_0029_0025_0025.jpg 1 45 29 25 25
0399_0019_0041_0039_0039.jpg 1 19 41 39 39
0400_0018_0008_0063_0063.jpg 1 18 8 63 63
0401_0032_0015_0029_0029.jpg 1 32 15 29 29
0402_0038_0032_0028_0028.jpg 1 38 32 28 28
0403_0008_0026_0047_0047.jpg 1 8 26 47 47
0404_0023_0040_0048_0048.jpg 1 23 40 48 48
0405_0024_0009_0046_0046.jpg 1 24 9 46 46
0406_0018_0040_0033_0033.jpg 1 18 40 33 33
0407_0015_0015_0036_0036.jpg 1 15 15 36 36
0408_0025_0026_0058_0058.jpg 1 25 26 58 58
0409_0010_0054_0031_0031.jpg 1 10 54 31 31
0410_0013_0017_0048_0048.jpg 1 13 17 48 48
0411_0014_0025_0045_0045.jpg 1 14 25 45 45
0412_0029_0006_0055_0055.jpg 1 29 6 55 55
0413_0027_0015_0057_0057.jpg 1 27 15 57 57
0414_0017_0020_0054_0054.jpg 1 17 20 54 54
0415_0009_0005_0067_0067.jpg 1 9 5 67 67
0416_0033_0007_0025_0025.jpg 1 33 7 25 25
0417_0040_0040_0048_0048.jpg 1 40 40 48 48
0418_0007_0024_0060_0060.jpg 1 7 24 60 60
0419_0023_0022_0065_0065.jpg 1 23 22 65 65
0420_0023_0030_0051_0051.jpg 1 23 30 51 51
0421_0032_0017_0055_0055.jpg 1 32 17 55 55
0422_0008_0029_0062_0062.jpg 1 8 29 62 62
0423_0020_0006_0069_0069.jpg 1 20 6 69 69
0424_0037_0007_0037_0037.jpg 1 37 7 37 37
0425_0019_0026_0064_0064.jpg 1 19 26 64 64
0426_0047_0017_0040_0040.jpg 1 47 17 40 40
0427_0036_0036_0028_0028.jpg 1 36 36 28 28
0428_0022_0032_0031_0031.jpg 1 22 32 31 31
0429_0014_0029_0049_0049.jpg 1 14 29 49 49
0430_0036_0028_0026_0026.jpg 1 36 28 26 26
0431_0021_0028_0051_0051.jpg 1 21 28 51 51
0432_0011_0025_0066_0066.jpg 1 11 25 66 66
0433_0032_0006_0051_0051.jpg 1 32 6 51 51
0434_0044_0051_0031_0031.jpg 1 44 51 31 31
0435_0029_0037_0035_0035.jpg 1 29 37 35 35
0436_0011_0005_0059_0059.jpg 1 11 5 59 59
0437_0028_0040_0035_0035.jpg 1 28 40 35 35
0438_0026_0008_0057_0057.jpg 1 26 8 57 57
0439_0037_0014_0039_0039.jpg 1 37 14 39 39
0440_0028_0009_0044_0044.jpg 1 28 9 44 44
0441_0014_0020_0068_0068.jpg 1 14 20 68 68
0442_0017_0035_0053_0053.jpg 1 17 35 53 53
0443_0010_0018_0051_0051.jpg 1 10 18 51 51
0444_0016_0022_0067_0067.jpg 1 16 22 67 67
0445_0013_0036_0051_0051.jpg 1 13 36 51 51
0446_0020_0011_0032_0032.jpg 1 20 11 32 32
0447_0021_0024_0025_0025.jpg 1 21 24 25 25
0448_0030_0005_0049_0049.jpg 1 30 5 49 49
0449_0023_0029_0057_0057.jpg 1 23 29 57 57
0450_0015_0007_0036_0036.jpg 1 15 7 36 36
0451_0036_0031_0053_0053.jpg 1 36 31 53 53
0452_0022_0037_0051_0051.jpg 1 22 37 51 51
0453_0036_0030_0028_0028.jpg 1 36 30 28 28
0454_0004_0012_0063_0063.jpg 1 4 12 63 63
0455_0009_0044_0027_0027.jpg 1 9 44 27 27
0456_0016_0025_0065_0065.jpg 1 16 25 65 65
0457_0023_0004_0062_0062.jpg 1 23 4 62 62
0458_0026_0006_0037_0037.jpg 1 26 6 37 37
0459_0038_0034_0030_0030.jpg 1 38 34 30 30
0460_0014_0041_0043_0043.jpg 1 14 41 43 43
0461_0031_0021_0042_0042.jpg 1 31 21 42 42
0462_0051_0008_0027_0027.jpg 1 51 8 27 27
0463_0020_0014_0067_0067.jpg 1 20 14 67 67
0464_0011_0022_0047_0047.jpg 1 11 22 47 47
0465_0006_0023_0062_0062.jpg 1 6 23 62 62
0466_0041_0039_0032_0032.jpg 1 41 39 32 32
0467_0025_0029_0061_0061.jpg 1 25 29 61 61
0468_0028_0019_0061_0061.jpg 1 28 19 61 61
0469_0023_0014_0059_0059.jpg 1 23 14 59 59
0470_0014_0008_0058_0058.jpg 1 14 8 58 58
0471_0020_0022_0041_0041.jpg 1 20 22 41 41
0472_0010_0006_0067_0067.jpg 1 10 6 67 67
0473_0036_0029_0026_0026.jpg 1 36 29 26 26
0474_0029_0019_0060_0060.jpg 1 29 19 60 60
0475_0019_0043_0037_0037.jpg 1 19 43 37 37
0476_0007_0035_0055_0055.jpg 1 7 35 55 55
0477_0015_0032_0057_0057.jpg 1 15 32 57 57
0478_0039_0058_0025_0025.jpg 1 39 58 25 25
0479_0020_0007_0061_0061.jpg 1 20 7 61 61
0480_0014_0009_0069_0069.jpg 1 14 9 69 69
0481_0014_0014_0056_0056.jpg 1 14 14 56 56
0482_0021_0018_0043_0043.jpg 1 21 18 43 43
0483_0030_0031_0059_0059.jpg 1 30 31 59 59
0484_0021_0014_0047_0047.jpg 1 21 14 47 47
0485_0026_0018_0065_0065.jpg 1 26 18 65 65
0486_0010_0012_0053_0053.jpg 1 10 12 53 53
0487_0044_0045_0034_0034.jpg 1 44 45 34 34
0488_0026_0029_0059_0059.jpg 1 26 29 59 59
0489_0034_0027_0037_0037.jpg 1 34 27 37 37
0490_0015_0053_0032_0032.jpg 1 15 53 32 32
0491_0027_0024_0029_0029.jpg 1 27 24 29 29
0492_0017_0010_0052_0052.jpg 1 17 10 52 52
0493_0042_0040_0042_0042.jpg 1 42 40 42 42
0494_0015_0019_0067_0067.jpg 1 15 19 67 67
0495_0023_0023_0052_0052.jpg 1 23 23 52 52
0496_0036_0023_0049_0049.jpg 1 36 23 49 49
0497_0019_0022_0058_0058.jpg 1 19 22 58 58
0498_0030_0021_0050_0050.jpg 1 30 21 50 50
0499_0018_0005_0064_0064.jpg 1 18 5 64 64
0500_0034_0021_0056_0056.jpg 1 34 21 56 56
0501_0021_0018_0050_0050.jpg 1 21 18 50 50
0502_0042_0021_0044_0044.jpg 1 42 21 44 44
0503_0007_0007_0069_0069.jpg 1 7 7 69 69
0504_0017_0042_0044_0044.jpg 1 17 42 44 44
0505_0017_0049_0035_0035.jpg 1 17 49 35 35
0506_0037_0031_0042_0042.jpg 1 37 31 42 42
0507_0021_0052_0032_0032.jpg 1 21 52 32 32
0508_0016_0023_0065_0065.jpg 1 16 23 65 65
0509_0024_0047_0040_0040.jpg 1 24 47 40 40
0510_0024_0019_0061_0061.jpg 1 24 19 61 61
0511_0021_0022_0062_0062.jpg 1 21 22 62 62
0512_0024_0014_0035_0035.jpg 1 24 14 35 35
0513_0008_0029_0043_0043.jpg 1 8 29 43 43
0514_0030_0028_0056_0056.jpg 1 30 28 56 56
0515_0025_0054_0030_0030.jpg 1 25 54 30 30
0516_0020_0039_0042_0042.jpg 1 20 39 42 42
0517_0021_0025_0031_0031.jpg 1 21 25 31 31
0518_0029_0029_0060_0060.jpg 1 29 29 60 60
0519_0026_0030_0050_0050.jpg 1 26 30 50 50
0520_0029_0042_0043_0043.jpg 1 29 42 43 43
0521_0027_0025_0025_0025.jpg 1 27 25 25 25
0522_0050_0033_0034_0034.jpg 1 50 33 34 34
0523_0024_0044_0031_0031.jpg 1 24 44 31 31
0524_0027_0009_0056_0056.jpg 1 27 9 56 56
0525_0027_0030_0041_0041.jpg 1 27 30 41 41
0526_0005_0020_0068_0068.jpg 1 5 20 68 68
0527_0027_0008_0057_0057.jpg 1 27 8 57 57
0528_0020_0026_0033_0033.jpg 1 20 26 33 33
0529_0021_0028_0051_0051.jpg 1 21 28 51 51
0530_0025_0022_0063_0063.jpg 1 25 22 63 63
0531_0007_0034_0033_0033.jpg 1 7 34 33 33
0532_0046_0037_0040_0040.jpg 1 46 37 40 40
0533_0012_0032_0055_0055.jpg 1 12 32 55 55
0534_0029_0043_0027_0027.jpg 1 29 43 27 27
0535_0045_0013_0038_0038.jpg 1 45 13 38 38
0536_0016_0027_0053_0053.jpg 1 16 27 53 53
0537_0023_0009_0069_0069.jpg 1 23 9 69 69
0538_0017_0007_0060_0060.jpg 1 17 7 60 60
0539_0007_0019_0062_0062.jpg 1 7 19 62 62
0540_0040_0048_0030_0030.jpg 1 40 48 30 30
0541_0014_0024_0058_0058.jpg 1 14 24 58 58
0542_0042_0038_0024_0024.jpg 1 42 38 24 24
0543_0055_0058_0026_0026.jpg 1 55 58 26 26
0544_0010_0022_0049_0049.jpg 1 10 22 49 49
0545_0029_0044_0028_0028.jpg 1 29 44 28 28
0546_0048_0044_0024_0024.jpg 1 48 44 24 24
0547_0011_0027_0041_0041.jpg 1 11 27 41 41
0548_0018_0018_0059_0059.jpg 1 18 18 59 59
0549_0022_0016_0027_0027.jpg 1 22 16 27 27
0550_0023_0013_0066_0066.jpg 1 23 13 66 66
0551_0017_0020_0057_0057.jpg 1 17 20 57 57
0552_0025_0009_0052_0052.jpg 1 25 9 52 52
0553_0028_0007_0061_0061.jpg 1 28 7 61 61
0554_0016_0036_0053_0053.jpg 1 16 36 53 53
0555_0017_0010_0069_0069.jpg 1 17 10 69 69
0556_0015_0018_0030_0030.jpg 1 15 18 30 30
0557_0017_0007_0054_0054.jpg 1 17 7 54 54
0558_0013_0007_0039_0039.jpg 1 13 7 39 39
0559_0025_0006_0057_0057.jpg 1 25 6 57 57
0560_0109_0235_0068_0068.jpg 1 109 235 68 68
0561_0034_0007_0055_0055.jpg 1 34 7 55 55
0562_0006_0017_0069_0069.jpg 1 6 17 69 69
0563_0025_0039_0027_0027.jpg 1 25 39 27 27
0564_0013_0048_0029_0029.jpg 1 13 48 29 29
0565_0047_0056_0029_0029.jpg 1 47 56 29 29
0566_0012_0015_0055_0055.jpg 1 12 15 55 55
0567_0009_0034_0032_0032.jpg 1 9 34 32 32
0568_0021_0020_0055_0055.jpg 1 21 20 55 55
0569_0032_0037_0049_0049.jpg 1 32 37 49 49
0570_0033_0018_0047_0047.jpg 1 33 18 47 47
0571_0009_0032_0049_0049.jpg 1 9 32 49 49
0572_0007_0041_0034_0034.jpg 1 7 41 34 34
0573_0011_0015_0063_0063.jpg 1 11 15 63 63
0574_0058_0046_0024_0024.jpg 1 58 46 24 24
0575_0025_0047_0032_0032.jpg 1 25 47 32 32
0576_0019_0014_0065_0065.jpg 1 19 14 65 65
0577_0003_0019_0069_0069.jpg 1 3 19 69 69
0578_0024_0026_0043_0043.jpg 1 24 26 43 43
0579_0009_0035_0054_0054.jpg 1 9 35 54 54
0580_0043_0017_0025_0025.jpg 1 43 17 25 25
0581_0007_0015_0059_0059.jpg 1 7 15 59 59
0582_0056_0042_0029_0029.jpg 1 56 42 29 29
0583_0005_0027_0064_0064.jpg 1 5 27 64 64
0584_0007_0003_0062_0062.jpg 1 7 3 62 62
0585_0007_0032_0048_0048.jpg 1 7 32 48 48
0586_0017_0014_0058_0058.jpg 1 17 14 58 58
0587_0030_0012_0046_0046.jpg 1 30 12 46 46
0588_0030_0045_0027_0027.jpg 1 30 45 27 27
0589_0013_0011_0069_0069.jpg 1 13 11 69 69
0590_0017_0028_0054_0054.jpg 1 17 28 54 54
0591_0013_0024_0058_0058.jpg 1 13 24 58 58
0592_0023_0024_0055_0055.jpg 1 23 24 55 55
0593_0027_0006_0062_0062.jpg 1 27 6 62 62
0594_0039_0007_0032_0032.jpg 1 39 7 32 32
0595_0024_0004_0064_0064.jpg 1 24 4 64 64
0596_0009_0024_0037_0037.jpg 1 9 24 37 37
0597_0005_0027_0062_0062.jpg 1 5 27 62 62
0598_0028_0024_0062_0062.jpg 1 28 24 62 62
0599_0023_0037_0045_0045.jpg 1 23 37 45 45
0600_0049_0051_0028_0028.jpg 1 49 51 28 28
0601_0009_0041_0046_0046.jpg 1 9 41 46 46
0602_0019_0010_0065_0065.jpg 1 19 10 65 65
0603_0020_0023_0057_0057.jpg 1 20 23 57 57
0604_0033_0027_0053_0053.jpg 1 33 27 53 53
0605_0030_0008_0034_0034.jpg 1 30 8 34 34
0606_0005_0020_0048_0048.jpg 1 5 20 48 48
0607_0005_0011_0049_0049.jpg 1 5 11 49 49
0608_0013_0033_0056_0056.jpg 1 13 33 56 56
0609_0020_0029_0049_0049.jpg 1 20 29 49 49
0610_0032_0035_0028_0028.jpg 1 32 35 28 28
0611_0016_0010_0049_0049.jpg 1 16 10 49 49
0612_0009_0009_0054_0054.jpg 1 9 9 54 54
0613_0051_0014_0035_0035.jpg 1 51 14 35 35
0614_0009_0016_0056_0056.jpg 1 9 16 56 56
0615_0025_0034_0028_0028.jpg 1 25 34 28 28
0616_0008_0024_0053_0053.jpg 1 8 24 53 53
0617_0048_0044_0024_0024.jpg 1 48 44 24 24
0618_0032_0030_0051_0051.jpg 1 32 30 51 51
0619_0032_0011_0029_0029.jpg 1 32 11 29 29
0620_0034_0032_0043_0043.jpg 1 34 32 43 43
0621_0009_0019_0064_0064.jpg 1 9 19 64 64
0622_0028_0014_0057_0057.jpg 1 28 14 57 57
0623_0047_0011_0034_0034.jpg 1 47 11 34 34
0624_0035_0006_0052_0052.jpg 1 35 6 52 52
0625_0023_0011_0060_0060.jpg 1 23 11 60 60
0626_0028_0021_0056_0056.jpg 1 28 21 56 56
0627_0024_0011_0063_0063.jpg 1 24 11 63 63
0628_0010_0016_0053_0053.jpg 1 10 16 53 53
0629_0050_0016_0033_0033.jpg 1 50 16 33 33
0630_0005_0012_0056_0056.jpg 1 5 12 56 56
0631_0017_0016_0025_0025.jpg 1 17 16 25 25
0632_0028_0006_0057_0057.jpg 1 28 6 57 57
0633_0006_0016_0060_0060.jpg 1 6 16 60 60
0634_0019_0026_0063_0063.jpg 1 19 26 63 63
0635_0055_0047_0026_0026.jpg 1 55 47 26 26
0636_0033_0033_0054_0054.jpg 1 33 33 54 54
0637_0020_0023_0069_0069.jpg 1 20 23 69 69
0638_0029_0036_0050_0050.jpg 1 29 36 50 50
0639_0032_0023_0031_0031.jpg 1 32 23 31 31
0640_0012_0022_0062_0062.jpg 1 12 22 62 62
0641_0028_0030_0044_0044.jpg 1 28 30 44 44
0642_0022_0029_0036_0036.jpg 1 22 29 36 36
0643_0028_0011_0051_0051.jpg 1 28 11 51 51
0644_0022_0009_0036_0036.jpg 1 22 9 36 36
0645_0042_0027_0039_0039.jpg 1 42 27 39 39
0646_0016_0042_0040_0040.jpg 1 16 42 40 40
0647_0027_0020_0049_0049.jpg 1 27 20 49 49
0648_0005_0020_0068_0068.jpg 1 5 20 68 68
0649_0020_0022_0065_0065.jpg 1 20 22 65 65
0650_0014_0005_0063_0063.jpg 1 14 5 63 63
0651_0019_0007_0037_0037.jpg 1 19 7 37 37
0652_0012_0028_0035_0035.jpg 1 12 28 35 35
0653_0009_0032_0053_0053.jpg 1 9 32 53 53
0654_0013_0055_0027_0027.jpg 1 13 55 27 27
0655_0032_0008_0040_0040.jpg 1 32 8 40 40
0656_0014_0023_0052_0052.jpg 1 14 23 52 52
0657_0009_0025_0027_0027.jpg 1 9 25 27 27
0658_0030_0018_0025_0025.jpg 1 30 18 25 25
0659_0013_0037_0028_0028.jpg 1 13 37 28 28
0660_0022_0028_0042_0042.jpg 1 22 28 42 42
0661_0037_0034_0035_0035.jpg 1 37 34 35 35
0662_0044_0015_0024_0024.jpg 1 44 15 24 24
0663_0006_0008_0066_0066.jpg 1 6 8 66 66
0664_0011_0005_0050_0050.jpg 1 11 5 50 50
0665_0031_0017_0043_0043.jpg 1 31 17 43 43
0666_0016_0039_0047_0047.jpg 1 16 39 47 47
0667_0040_0056_0029_0029.jpg 1 40 56 29 29
0668_0010_0006_0043_0043.jpg 1 10 6 43 43
0669_0023_0023_0053_0053.jpg 1 23 23 53 53
0670_0011_0034_0050_0050.jpg 1 11 34 50 50
0671_0011_0008_0034_0034.jpg 1 11 8 34 34
0672_0025_0011_0046_0046.jpg 1 25 11 46 46
0673_0026_0039_0047_0047.jpg 1 26 39 47 47
0674_0037_0010_0035_0035.jpg 1 37 10 35 35
0675_0022_0012_0056_0056.jpg 1 22 12 56 56
0676_0052_0038_0032_0032.jpg 1 52 38 32 32
0677_0030_0033_0054_0054.jpg 1 30 33 54 54
0678_0012_0008_0058_0058.jpg 1 12 8 58 58
0679_0027_0024_0065_0065.jpg 1 27 24 65 65
0680_0025_0008_0063_0063.jpg 1 25 8 63 63
0681_0013_0028_0064_0064.jpg 1 13 28 64 64
0682_0032_0029_0025_0025.jpg 1 32 29 25 25
0683_0021_0020_0055_0055.jpg 1 21 20 55 55
0684_0053_0009_0031_0031.jpg 1 53 9 31 31
0685_0026_0020_0029_0029.jpg 1 26 20 29 29
0686_0009_0025_0039_0039.jpg 1 9 25 39 39
0687_0026_0027_0032_0032.jpg 1 26 27 32 32
0688_0054_0039_0029_0029.jpg 1 54 39 29 29
0689_0024_0004_0056_0056.jpg 1 24 4 56 56
0690_0031_0021_0060_0060.jpg 1 31 21 60 60
0691_0027_0005_0052_0052.jpg 1 27 5 52 52
0692_0022_0027_0059_0059.jpg 1 22 27 59 59
0693_0013_0013_0025_0025.jpg 1 13 13 25 25
0694_0042_0025_0031_0031.jpg 1 42 25 31 31
0695_0012_0022_0066_0066.jpg 1 12 22 66 66
0696_0020_0035_0049_0049.jpg 1 20 35 49 49
0697_0038_0034_0024_0024.jpg 1 38 34 24 24
0698_0035_0028_0051_0051.jpg 1 35 28 51 51
0699_0028_0038_0047_0047.jpg 1 28 38 47 47
0700_0038_0040_0045_0045.jpg 1 38 40 45 45
0701_0037_0006_0045_0045.jpg 1 37 6 45 45
0702_0030_0027_0061_0061.jpg 1 30 27 61 61
0703_0018_0023_0063_0063.jpg 1 18 23 63 63
0704_0016_0023_0062_0062.jpg 1 16 23 62 62
0705_0012_0031_0032_0032.jpg 1 12 31 32 32
0706_0026_0037_0048_0048.jpg 1 26 37 48 48
0707_0023_0022_0053_0053.jpg 1 23 22 53 53
0708_0020_0025_0058_0058.jpg 1 20 25 58 58
0709_0014_0009_0055_0055.jpg 1 14 9 55 55
0710_0009_0007_0055_0055.jpg 1 9 7 55 55
0711_0007_0007_0069_0069.jpg 1 7 7 69 69
0712_0023_0010_0038_0038.jpg 1 23 10 38 38
0713_0051_0036_0029_0029.jpg 1 51 36 29 29
0714_0041_0039_0029_0029.jpg 1 41 39 29 29
0715_0033_0031_0037_0037.jpg 1 33 31 37 37
0716_0016_0027_0057_0057.jpg 1 16 27 57 57
0717_0033_0042_0046_0046.jpg 1 33 42 46 46
0718_0008_0029_0048_0048.jpg 1 8 29 48 48
0719_0036_0038_0042_0042.jpg 1 36 38 42 42
0720_0037_0055_0024_0024.jpg 1 37 55 24 24
0721_0009_0008_0067_0067.jpg 1 9 8 67 67
0722_0040_0008_0043_0043.jpg 1 40 8 43 43
0723_0030_0040_0040_0040.jpg 1 30 40 40 40
0724_0024_0025_0066_0066.jpg 1 24 25 66 66
0725_0009_0008_0053_0053.jpg 1 9 8 53 53
0726_0008_0017_0044_0044.jpg 1 8 17 44 44
0727_0013_0010_0069_0069.jpg 1 13 10 69 69
0728_0023_0027_0064_0064.jpg 1 23 27 64 64
0729_0005_0013_0061_0061.jpg 1 5 13 61 61
0730_0015_0029_0026_0026.jpg 1 15 29 26 26
0731_0005_0005_0067_0067.jpg 1 5 5 67 67
0732_0033_0017_0051_0051.jpg 1 33 17 51 51
0733_0027_0016_0057_0057.jpg 1 27 16 57 57
0734_0005_0024_0066_0066.jpg 1 5 24 66 66
0735_0024_0017_0041_0041.jpg 1 24 17 41 41
0736_0043_0026_0039_0039.jpg 1 43 26 39 39
0737_0014_0029_0053_0053.jpg 1 14 29 53 53
0738_0014_0025_0050_0050.jpg 1 14 25 50 50
0739_0028_0023_0050_0050.jpg 1 28 23 50 50
0740_0019_0015_0042_0042.jpg 1 19 15 42 42
0741_0021_0025_0054_0054.jpg 1 21 25 54 54
0742_0003_0005_0069_0069.jpg 1 3 5 69 69
0743_0011_0033_0058_0058.jpg 1 11 33 58 58
0744_0012_0020_0067_0067.jpg 1 12 20 67 67
0745_0032_0006_0052_0052.jpg 1 32 6 52 52
0746_0033_0028_0057_0057.jpg 1 33 28 57 57
0747_0021_0022_0053_0053.jpg 1 21 22 53 53
0748_0011_0019_0026_0026.jpg 1 11 19 26 26
0749_0015_0024_0065_0065.jpg 1 15 24 65 65
0750_0008_0013_0066_0066.jpg 1 8 13 66 66
0751_0006_0047_0038_0038.jpg 1 6 47 38 38
0752_0042_0026_0034_0034.jpg 1 42 26 34 34
0753_0005_0032_0054_0054.jpg 1 5 32 54 54
0754_0008_0016_0031_0031.jpg 1 8 16 31 31
0755_0020_0009_0038_0038.jpg 1 20 9 38 38
0756_0016_0017_0050_0050.jpg 1 16 17 50 50
0757_0027_0053_0032_0032.jpg 1 27 53 32 32
0758_0023_0024_0050_0050.jpg 1 23 24 50 50
0759_0007_0019_0065_0065.jpg 1 7 19 65 65
0760_0036_0044_0035_0035.jpg 1 36 44 35 35
0761_0020_0010_0050_0050.jpg 1 20 10 50 50
0762_0016_0025_0068_0068.jpg 1 16 25 68 68
0763_0048_0017_0038_0038.jpg 1 48 17 38 38
0764_0033_0038_0039_0039.jpg 1 33 38 39 39
0765_0124_0246_0027_0027.jpg 1 124 246 27 27
0766_0024_0006_0062_0062.jpg 1 24 6 62 62
0767_0030_0008_0027_0027.jpg 1 30 8 27 27
0768_0008_0017_0061_0061.jpg 1 8 17 61 61
0769_0023_0010_0041_0041.jpg 1 23 10 41 41
0770_0028_0026_0042_0042.jpg 1 28 26 42 42
0771_0023_0031_0053_0053.jpg 1 23 31 53 53
0772_0044_0018_0041_0041.jpg 1 44 18 41 41
0773_0022_0020_0058_0058.jpg 1 22 20 58 58
0774_0017_0022_0064_0064.jpg 1 17 22 64 64
0775_0040_0018_0048_0048.jpg 1 40 18 48 48
0776_0017_0013_0050_0050.jpg 1 17 13 50 50
0777_0019_0017_0059_0059.jpg 1 19 17 59 59
0778_0008_0038_0050_0050.jpg 1 8 38 50 50
0779_0014_0022_0028_0028.jpg 1 14 22 28 28
0780_0045_0019_0038_0038.jpg 1 45 19 38 38
0781_0005_0019_0057_0057.jpg 1 5 19 57 57
0782_0039_0021_0040_0040.jpg 1 39 21 40 40
0783_0017_0021_0063_0063.jpg 1 17 21 63 63
0784_0013_0026_0065_0065.jpg 1 13 26 65 65
0785_0030_0037_0039_0039.jpg 1 30 37 39 39
0786_0017_0011_0026_0026.jpg 1 17 11 26 26
0787_0022_0023_0052_0052.jpg 1 22 23 52 52
0788_0018_0017_0049_0049.jpg 1 18 17 49 49
0789_0027_0032_0043_0043.jpg 1 27 32 43 43
0790_0016_0007_0036_0036.jpg 1 16 7 36 36
0791_0030_0022_0051_0051.jpg 1 30 22 51 51
0792_0012_0016_0055_0055.jpg 1 12 16 55 55
0793_0034_0025_0043_0043.jpg 1 34 25 43 43
0794_0006_0024_0056_0056.jpg 1 6 24 56 56
0795_0013_0022_0059_0059.jpg 1 13 22 59 59
0796_0042_0044_0034_0034.jpg 1 42 44 34 34
0797_0031_0019_0044_0044.jpg 1 31 19 44 44
0798_0013_0012_0069_0069.jpg 1 13 12 69 69
0799_0006_0009_0035_0035.jpg 1 6 9 35 35
0800_0026_0014_0053_0053.jpg 1 26 14 53 53
0801_0010_0036_0047_0047.jpg 1 10 36 47 47
0802_0015_0043_0045_0045.jpg 1 15 43 45 45
0803_0014_0024_0061_0061.jpg 1 14 24 61 61
0804_0041_0012_0035_0035.jpg 1 41 12 35 35
0805_0023_0033_0049_0049.jpg 1 23 33 49 49
0806_0025_0017_0039_0039.jpg 1 25 17 39 39
0807_0010_0017_0069_0069.jpg 1 10 17 69 69
0808_0043_0032_0033_0033.jpg 1 43 32 33 33
0809_0022_0017_0069_0069.jpg 1 22 17 69 69
0810_0033_0020_0042_0042.jpg 1 33 20 42 42
0811_0003_0028_0063_0063.jpg 1 3 28 63 63
0812_0016_0024_0043_0043.jpg 1 16 24 43 43
0813_0011_0005_0054_0054.jpg 1 11 5 54 54
0814_0041_0030_0025_0025.jpg 1 41 30 25 25
0815_0030_0014_0052_0052.jpg 1 30 14 52 52
0816_0014_0014_0067_0067.jpg 1 14 14 67 67
0817_0043_0007_0040_0040.jpg 1 43 7 40 40
0818_0008_0005_0052_0052.jpg 1 8 5 52 52
0819_0046_0029_0024_0024.jpg 1 46 29 24 24
0820_0050_0041_0035_0035.jpg 1 50 41 35 35
0821_0022_0025_0028_0028.jpg 1 22 25 28 28
0822_0016_0021_0059_0059.jpg 1 16 21 59 59
0823_0008_0032_0026_0026.jpg 1 8 32 26 26
0824_0025_0019_0048_0048.jpg 1 25 19 48 48
0825_0021_0038_0039_0039.jpg 1 21 38 39 39
0826_0007_0028_0043_0043.jpg 1 7 28 43 43
0827_0023_0020_0061_0061.jpg 1 23 20 61 61
0828_0008_0039_0024_0024.jpg 1 8 39 24 24
0829_0037_0012_0040_0040.jpg 1 37 12 40 40
0830_0019_0023_0065_0065.jpg 1 19 23 65 65
0831_0021_0042_0038_0038.jpg 1 21 42 38 38
0832_0021_0023_0055_0055.jpg 1 21 23 55 55
0833_0018_0039_0050_0050.jpg 1 18 39 50 50
0834_0031_0014_0058_0058.jpg 1 31 14 58 58
0835_0012_0028_0050_0050.jpg 1 12 28 50 50
0836_0035_0043_0044_0044.jpg 1 35 43 44 44
0837_0032_0013_0027_0027.jpg 1 32 13 27 27
0838_0025_0026_0066_0066.jpg 1 25 26 66 66
0839_0029_0010_0055_0055.jpg 1 29 10 55 55
0840_0035_0014_0054_0054.jpg 1 35 14 54 54
0841_0015_0025_0067_0067.jpg 1 15 25 67 67
0842_0025_0021_0024_0024.jpg 1 25 21 24 24
0843_0043_0018_0026_0026.jpg 1 43 18 26 26
0844_0036_0036_0033_0033.jpg 1 36 36 33 33
0845_0021_0022_0046_0046.jpg 1 21 22 46 46
0846_0043_0047_0024_0024.jpg 1 43 47 24 24
0847_0028_0015_0051_0051.jpg 1 28 15 51 51
0848_0035_0020_0025_0025.jpg 1 35 20 25 25
0849_0012_0041_0033_0033.jpg 1 12 41 33 33
0850_0022_0004_0062_0062.jpg 1 22 4 62 62
0851_0015_0017_0065_0065.jpg 1 15 17 65 65
0852_0012_0016_0065_0065.jpg 1 12 16 65 65
0853_0027_0032_0037_0037.jpg 1 27 32 37 37
0854_0051_0035_0032_0032.jpg 1 51 35 32 32
0855_0054_0046_0031_0031.jpg 1 54 46 31 31
0856_0023_0038_0038_0038.jpg 1 23 38 38 38
0857_0006_0036_0040_0040.jpg 1 6 36 40 40
0858_0012_0006_0062_0062.jpg 1 12 6 62 62
0859_0029_0010_0061_0061.jpg 1 29 10 61 61
0860_0031_0016_0056_0056.jpg 1 31 16 56 56
0861_0032_0020_0050_0050.jpg 1 32 20 50 50
0862_0038_0050_0036_0036.jpg 1 38 50 36 36
0863_0018_0018_0032_0032.jpg 1 18 18 32 32
0864_0047_0038_0026_0026.jpg 1 47 38 26 26
0865_0054_0023_0027_0027.jpg 1 54 23 27 27
0866_0022_0025_0060_0060.jpg 1 22 25 60 60
0867_0047_0033_0033_0033.jpg 1 47 33 33 33
0868_0007_0041_0036_0036.jpg 1 7 41 36 36
0869_0022_0012_0066_0066.jpg 1 22 12 66 66
0870_0034_0025_0043_0043.jpg 1 34 25 43 43
0871_0006_0010_0056_0056.jpg 1 6 10 56 56
0872_0018_0020_0057_0057.jpg 1 18 20 57 57
0873_0015_0013_0068_0068.jpg 1 15 13 68 68
0874_0006_0020_0049_0049.jpg 1 6 20 49 49
0875_0054_0046_0029_0029.jpg 1 54 46 29 29
0876_0013_0037_0029_0029.jpg 1 13 37 29 29
0877_0017_0023_0049_0049.jpg 1 17 23 49 49
0878_0034_0047_0040_0040.jpg 1 34 47 40 40
0879_0018_0010_0050_0050.jpg 1 18 10 50 50
0880_0005_0017_0067_0067.jpg 1 5 17 67 67
0881_0008_0036_0048_0048.jpg 1 8 36 48 48
0882_0033_0008_0055_0055.jpg 1 33 8 55 55
0883_0023_0049_0035_0035.jpg 1 23 49 35 35
0884_0028_0042_0026_0026.jpg 1 28 42 26 26
0885_0006_0003_0067_0067.jpg 1 6 3 67 67
0886_0032_0023_0054_0054.jpg 1 32 23 54 54
0887_0018_0024_0033_0033.jpg 1 18 24 33 33
0888_0027_0006_0057_0057.jpg 1 27 6 57 57
0889_0023_0017_0061_0061.jpg 1 23 17 61 61
0890_0029_0008_0051_0051.jpg 1 29 8 51 51
0891_0019_0012_0049_0049.jpg 1 19 12 49 49
0892_0029_0022_0051_0051.jpg 1 29 22 51 51
0893_0038_0034_0028_0028.jpg 1 38 34 28 28
0894_0025_0007_0057_0057.jpg 1 25 7 57 57
0895_0020_0017_0051_0051.jpg 1 20 17 51 51
0896_0040_0007_0047_0047.jpg 1 40 7 47 47
0897_0020_0019_0033_0033.jpg 1 20 19 33 33
0898_0011_0010_0057_0057.jpg 1 11 10 57 57
0899_0015_0016_0054_0054.jpg 1 15 16 54 54
0900_0027_0050_0028_0028.jpg 1 27 50 28 28
0901_0022_0035_0040_0040.jpg 1 22 35 40 40
0902_0021_0006_0062_0062.jpg 1 21 6 62 62
0903_0032_0041_0032_0032.jpg 1 32 41 32 32
0904_0050_0035_0029_0029.jpg 1 50 35 29 29
0905_0017_0008_0067_0067.jpg 1 17 8 67 67
0906_0019_0016_0055_0055.jpg 1 19 16 55 55
0907_0026_0005_0048_0048.jpg 1 26 5 48 48
0908_0004_0023_0068_0068.jpg 1 4 23 68 68
0909_0007_0049_0026_0026.jpg 1 7 49 26 26
0910_0045_0043_0031_0031.jpg 1 45 43 31 31
0911_0042_0013_0047_0047.jpg 1 42 13 47 47
0912_0034_0036_0050_0050.jpg 1 34 36 50 50
0913_0015_0009_0064_0064.jpg 1 15 9 64 64
0914_0038_0041_0030_0030.jpg 1 38 41 30 30
0915_0013_0029_0047_0047.jpg 1 13 29 47 47
0916_0028_0005_0058_0058.jpg 1 28 5 58 58
0917_0031_0016_0041_0041.jpg 1 31 16 41 41
0918_0012_0013_0061_0061.jpg 1 12 13 61 61
0919_0009_0017_0056_0056.jpg 1 9 17 56 56
0920_0015_0032_0031_0031.jpg 1 15 32 31 31
0921_0040_0013_0030_0030.jpg 1 40 13 30 30
0922_0018_0012_0025_0025.jpg 1 18 12 25 25
0923_0054_0031_0029_0029.jpg 1 54 31 29 29
0924_0011_0023_0028_0028.jpg 1 11 23 28 28
0925_0017_0025_0053_0053.jpg 1 17 25 53 53
0926_0013_0042_0034_0034.jpg 1 13 42 34 34
0927_0020_0007_0064_0064.jpg 1 20 7 64 64
0928_0038_0031_0049_0049.jpg 1 38 31 49 49
0929_0016_0035_0041_0041.jpg 1 16 35 41 41
0930_0026_0052_0032_0032.jpg 1 26 52 32 32
0931_0019_0027_0062_0062.jpg 1 19 27 62 62
0932_0031_0008_0039_0039.jpg 1 31 8 39 39
0933_0020_0012_0031_0031.jpg 1 20 12 31 31
0934_0008_0029_0024_0024.jpg 1 8 29 24 24
0935_0032_0036_0048_0048.jpg 1 32 36 48 48
0936_0006_0017_0057_0057.jpg 1 6 17 57 57
0937_0021_0022_0039_0039.jpg 1 21 22 39 39
0938_0010_0012_0064_0064.jpg 1 10 12 64 64
0939_0030_0004_0056_0056.jpg 1 30 4 56 56
0940_0022_0012_0063_0063.jpg 1 22 12 63 63
0941_0039_0038_0050_0050.jpg 1 39 38 50 50
0942_0015_0026_0041_0041.jpg 1 15 26 41 41
0943_0012_0054_0027_0027.jpg 1 12 54 27 27
0944_0025_0017_0061_0061.jpg 1 25 17 61 61
0945_0012_0023_0068_0068.jpg 1 12 23 68 68
0946_0008_0060_0024_0024.jpg 1 8 60 24 24
0947_0052_0048_0027_0027.jpg 1 52 48 27 27
0948_0052_0016_0030_0030.jpg 1 52 16 30 30
0949_0045_0038_0033_0033.jpg 1 45 38 33 33
0950_0019_0030_0058_0058.jpg 1 19 30 58 58
0951_0012_0027_0060_0060.jpg 1 12 27 60 60
0952_0024_0024_0057_0057.jpg 1 24 24 57 57
0953_0020_0051_0026_0026.jpg 1 20 51 26 26
0954_0014_0041_0028_0028.jpg 1 14 41 28 28
0955_0009_0030_0048_0048.jpg 1 9 30 48 48
0956_0023_0039_0029_0029.jpg 1 23 39 29 29
0957_0003_0016_0062_0062.jpg 1 3 16 62 62
0958_0017_0007_0068_0068.jpg 1 17 7 68 68
0959_0017_0017_0046_0046.jpg 1 17 17 46 46
0960_0025_0029_0036_0036.jpg 1 25 29 36 36
0961_0027_0012_0032_0032.jpg 1 27 12 32 32
0962_0022_0021_0054_0054.jpg 1 22 21 54 54
0963_0023_0014_0069_0069.jpg 1 23 14 69 69
0964_0015_0012_0063_0063.jpg 1 15 12 63 63
0965_0022_0010_0032_0032.jpg 1 22 10 32 32
0966_0029_0051_0027_0027.jpg 1 29 51 27 27
0967_0012_0012_0068_0068.jpg 1 12 12 68 68
0968_0023_0016_0069_0069.jpg 1 23 16 69 69
0969_0027_0011_0048_0048.jpg 1 27 11 48 48
0970_0019_0046_0036_0036.jpg 1 19 46 36 36
0971_0034_0008_0049_0049.jpg 1 34 8 49 49
0972_0009_0033_0055_0055.jpg 1 9 33 55 55
0973_0043_0014_0045_0045.jpg 1 43 14 45 45
0974_0024_0024_0058_0058.jpg 1 24 24 58 58
0975_0013_0028_0043_0043.jpg 1 13 28 43 43
0976_0032_0026_0040_0040.jpg 1 32 26 40 40
0977_0011_0017_0049_0049.jpg 1 11 17 49 49
0978_0045_0047_0033_0033.jpg 1 45 47 33 33
0979_0013_0023_0049_0049.jpg 1 13 23 49 49
0980_0035_0036_0049_0049.jpg 1 35 36 49 49
0981_0018_0015_0048_0048.jpg 1 18 15 48 48
0982_0022_0033_0024_0024.jpg 1 22 33 24 24
0983_0021_0022_0066_0066.jpg 1 21 22 66 66
0984_0016_0026_0059_0059.jpg 1 16 26 59 59
0985_0007_0026_0057_0057.jpg 1 7 26 57 57
0986_0021_0006_0057_0057.jpg 1 21 6 57 57
0987_0043_0030_0035_0035.jpg 1 43 30 35 35
0988_0045_0029_0033_0033.jpg 1 45 29 33 33
0989_0018_0016_0061_0061.jpg 1 18 16 61 61
0990_0008_0008_0060_0060.jpg 1 8 8 60 60
0991_0016_0007_0052_0052.jpg 1 16 7 52 52
0992_0007_0010_0067_0067.jpg 1 7 10 67 67
0993_0010_0025_0024_0024.jpg 1 10 25 24 24
0994_0010_0006_0067_0067.jpg 1 10 6 67 67
0995_0025_0046_0028_0028.jpg 1 25 46 28 28
0996_0009_0038_0030_0030.jpg 1 9 38 30 30
0997_0012_0023_0061_0061.jpg 1 12 23 61 61
0998_0008_0016_0040_0040.jpg 1 8 16 40 40
0999_0055_0052_0026_0026.jpg 1 55 52 26 26
1000_0024_0037_0048_0048.jpg 1 24 37 48 48
1001_0032_0021_0038_0038.jpg 1 32 21 38 38
1002_0035_0021_0028_0028.jpg 1 35 21 28 28
1003_0004_0013_0066_0066.jpg 1 4 13 66 66
1004_0016_0026_0060_0060.jpg 1 16 26 60 60
1005_0021_0024_0067_0067.jpg 1 21 24 67 67
1006_0004_0007_0069_0069.jpg 1 4 7 69 69
1007_0030_0016_0057_0057.jpg 1 30 16 57 57
1008_0037_0021_0042_0042.jpg 1 37 21 42 42
1009_0031_0027_0061_0061.jpg 1 31 27 61 61
1010_0024_0008_0045_0045.jpg 1 24 8 45 45
1011_0019_0008_0066_0066.jpg 1 19 8 66 66
1012_0007_0006_0041_0041.jpg 1 7 6 41 41
1013_0040_0031_0024_0024.jpg 1 40 31 24 24
1014_0023_0026_0065_0065.jpg 1 23 26 65 65
1015_0033_0023_0047_0047.jpg 1 33 23 47 47
1016_0034_0038_0049_0049.jpg 1 34 38 49 49
1017_0009_0050_0025_0025.jpg 1 9 50 25 25
1018_0019_0028_0027_0027.jpg 1 19 28 27 27
1019_0011_0016_0024_0024.jpg 1 11 16 24 24
1020_0051_0042_0035_0035.jpg 1 51 42 35 35
1021_0008_0029_0034_0034.jpg 1 8 29 34 34
1022_0012_0025_0057_0057.jpg 1 12 25 57 57
1023_0004_0009_0056_0056.jpg 1 4 9 56 56
1024_0019_0020_0041_0041.jpg 1 19 20 41 41
1025_0022_0010_0028_0028.jpg 1 22 10 28 28
1026_0021_0041_0035_0035.jpg 1 21 41 35 35
1027_0034_0028_0048_0048.jpg 1 34 28 48 48
1028_0031_0026_0044_0044.jpg 1 31 26 44 44
1029_0029_0024_0048_0048.jpg 1 29 24 48 48
1030_0049_0042_0026_0026.jpg 1 49 42 26 26
1031_0044_0048_0038_0038.jpg 1 44 48 38 38
1032_0013_0043_0040_0040.jpg 1 13 43 40 40
1033_0029_0038_0046_0046.jpg 1 29 38 46 46
1034_0034_0015_0057_0057.jpg 1 34 15 57 57
1035_0035_0015_0025_0025.jpg 1 35 15 25 25
1036_0049_0007_0038_0038.jpg 1 49 7 38 38
1037_0008_0023_0054_0054.jpg 1 8 23 54 54
1038_0031_0025_0050_0050.jpg 1 31 25 50 50
1039_0031_0039_0045_0045.jpg 1 31 39 45 45
1040_0032_0042_0047_0047.jpg 1 32 42 47 47
1041_0037_0022_0048_0048.jpg 1 37 22 48 48
1042_0029_0027_0049_0049.jpg 1 29 27 49 49
1043_0033_0025_0036_0036.jpg 1 33 25 36 36
1044_0029_0038_0040_0040.jpg 1 29 38 40 40
1045_0029_0027_0039_0039.jpg 1 29 27 39 39
1046_0056_0051_0029_0029.jpg 1 56 51 29 29
1047_0046_0007_0032_0032.jpg 1 46 7 32 32
1048_0010_0031_0053_0053.jpg 1 10 31 53 53
1049_0018_0022_0038_0038.jpg 1 18 22 38 38
1050_0005_0025_0059_0059.jpg 1 5 25 59 59
1051_0012_0006_0059_0059.jpg 1 12 6 59 59
1052_0024_0015_0061_0061.jpg 1 24 15 61 61
1053_0007_0042_0041_0041.jpg 1 7 42 41 41
1054_0007_0031_0060_0060.jpg 1 7 31 60 60
1055_0017_0035_0036_0036.jpg 1 17 35 36 36
1056_0018_0007_0058_0058.jpg 1 18 7 58 58
1057_0046_0022_0033_0033.jpg 1 46 22 33 33
1058_0009_0033_0046_0046.jpg 1 9 33 46 46
1059_0026_0027_0063_0063.jpg 1 26 27 63 63
1060_0024_0027_0034_0034.jpg 1 24 27 34 34
1061_0018_0015_0044_0044.jpg 1 18 15 44 44
1062_0025_0013_0049_0049.jpg 1 25 13 49 49
1063_0019_0033_0051_0051.jpg 1 19 33 51 51
1064_0008_0010_0045_0045.jpg 1 8 10 45 45
1065_0025_0023_0051_0051.jpg 1 25 23 51 51
1066_0022_0035_0053_0053.jpg 1 22 35 53 53
1067_0040_0019_0042_0042.jpg 1 40 19 42 42
1068_0031_0008_0041_0041.jpg 1 31 8 41 41
1069_0013_0014_0046_0046.jpg 1 13 14 46 46
1070_0025_0017_0028_0028.jpg 1 25 17 28 28
1071_0017_0026_0066_0066.jpg 1 17 26 66 66
1072_0028_0019_0062_0062.jpg 1 28 19 62 62
1073_0049_0039_0032_0032.jpg 1 49 39 32 32
1074_0005_0007_0069_0069.jpg 1 5 7 69 69
1075_0014_0024_0038_0038.jpg 1 14 24 38 38
1076_0038_0042_0031_0031.jpg 1 38 42 31 31
1077_0029_0056_0024_0024.jpg 1 29 56 24 24
1078_0038_0011_0045_0045.jpg 1 38 11 45 45
1079_0032_0015_0039_0039.jpg 1 32 15 39 39
1080_0030_0050_0026_0026.jpg 1 30 50 26 26
1081_0045_0010_0042_0042.jpg 1 45 10 42 42
1082_0038_0043_0033_0033.jpg 1 38 43 33 33
1083_0049_0053_0024_0024.jpg 1 49 53 24 24
1084_0032_0054_0027_0027.jpg 1 32 54 27 27
1085_0022_0025_0044_0044.jpg 1 22 25 44 44
1086_0015_0019_0063_0063.jpg 1 15 19 63 63
1087_0015_0003_0065_0065.jpg 1 15 3 65 65
1088_0026_0021_0046_0046.jpg 1 26 21 46 46
1089_0026_0006_0047_0047.jpg 1 26 6 47 47
1090_0017_0004_0065_0065.jpg 1 17 4 65 65
1091_0019_0031_0033_0033.jpg 1 19 31 33 33
1092_0013_0007_0029_0029.jpg 1 13 7 29 29
1093_0031_0020_0038_0038.jpg 1 31 20 38 38
1094_0003_0008_0066_0066.jpg 1 3 8 66 66
1095_0045_0052_0024_0024.jpg 1 45 52 24 24
1096_0050_0047_0025_0025.jpg 1 50 47 25 25
1097_0013_0026_0060_0060.jpg 1 13 26 60 60
1098_0013_0024_0065_0065.jpg 1 13 24 65 65
1099_0011_0027_0050_0050.jpg 1 11 27 50 50
1100_0027_0040_0039_0039.jpg 1 27 40 39 39
1101_0054_0015_0031_0031.jpg 1 54 15 31 31
1102_0048_0051_0028_0028.jpg 1 48 51 28 28
1103_0024_0041_0047_0047.jpg 1 24 41 47 47
1104_0049_0007_0030_0030.jpg 1 49 7 30 30
1105_0020_0005_0067_0067.jpg 1 20 5 67 67
1106_0008_0038_0043_0043.jpg 1 8 38 43 43
1107_0055_0050_0029_0029.jpg 1 55 50 29 29
1108_0010_0034_0047_0047.jpg 1 10 34 47 47
1109_0014_0013_0067_0067.jpg 1 14 13 67 67
1110_0014_0024_0053_0053.jpg 1 14 24 53 53
1111_0014_0022_0057_0057.jpg 1 14 22 57 57
1112_0009_0036_0032_0032.jpg 1 9 36 32 32
1113_0031_0010_0044_0044.jpg 1 31 10 44 44
1114_0036_0034_0054_0054.jpg 1 36 34 54 54
1115_0020_0019_0068_0068.jpg 1 20 19 68 68
1116_0027_0049_0024_0024.jpg 1 27 49 24 24
1117_0018_0019_0051_0051.jpg 1 18 19 51 51
1118_0017_0036_0044_0044.jpg 1 17 36 44 44
1119_0036_0037_0047_0047.jpg 1 36 37 47 47
1120_0017_0039_0050_0050.jpg 1 17 39 50 50
1121_0009_0020_0033_0033.jpg 1 9 20 33 33
1122_0005_0008_0063_0063.jpg 1 5 8 63 63
1123_0031_0030_0025_0025.jpg 1 31 30 25 25
1124_0030_0030_0056_0056.jpg 1 30 30 56 56
1125_0034_0046_0030_0030.jpg 1 34 46 30 30
1126_0032_0018_0027_0027.jpg 1 32 18 27 27
1127_0011_0007_0053_0053.jpg 1 11 7 53 53
1128_0047_0046_0026_0026.jpg 1 47 46 26 26
1129_0035_0023_0046_0046.jpg 1 35 23 46 46
1130_0028_0021_0059_0059.jpg 1 28 21 59 59
1131_0023_0004_0069_0069.jpg 1 23 4 69 69
1132_0036_0048_0035_0035.jpg 1 36 48 35 35
1133_0048_0012_0034_0034.jpg 1 48 12 34 34
1134_0013_0011_0052_0052.jpg 1 13 11 52 52
1135_0034_0030_0054_0054.jpg 1 34 30 54 54
1136_0024_0043_0034_0034.jpg 1 24 43 34 34
1137_0007_0046_0037_0037.jpg 1 7 46 37 37
1138_0026_0016_0025_0025.jpg 1 26 16 25 25
1139_0012_0044_0044_0044.jpg 1 12 44 44 44
1140_0015_0011_0066_0066.jpg 1 15 11 66 66
1141_0041_0010_0043_0043.jpg 1 41 10 43 43
1142_0026_0018_0038_0038.jpg 1 26 18 38 38
1143_0039_0020_0044_0044.jpg 1 39 20 44 44
1144_0028_0009_0026_0026.jpg 1 28 9 26 26
1145_0037_0048_0025_0025.jpg 1 37 48 25 25
1146_0017_0023_0066_0066.jpg 1 17 23 66 66
1147_0022_0007_0052_0052.jpg 1 22 7 52 52
1148_0004_0021_0065_0065.jpg 1 4 21 65 65
1149_0016_0009_0048_0048.jpg 1 16 9 48 48
1150_0021_0007_0062_0062.jpg 1 21 7 62 62
1151_0009_0037_0037_0037.jpg 1 9 37 37 37
1152_0005_0014_0066_0066.jpg 1 5 14 66 66
1153_0032_0023_0027_0027.jpg 1 32 23 27 27
1154_0016_0013_0044_0044.jpg 1 16 13 44 44
1155_0042_0016_0046_0046.jpg 1 42 16 46 46
1156_0048_0032_0038_0038.jpg 1 48 32 38 38
1157_0046_0013_0027_0027.jpg 1 46 13 27 27
1158_0031_0036_0031_0031.jpg 1 31 36 31 31
1159_0019_0043_0037_0037.jpg 1 19 43 37 37
1160_0021_0046_0041_0041.jpg 1 21 46 41 41
1161_0026_0031_0047_0047.jpg 1 26 31 47 47
1162_0018_0028_0063_0063.jpg 1 18 28 63 63
1163_0004_0007_0059_0059.jpg 1 4 7 59 59
1164_0029_0014_0063_0063.jpg 1 29 14 63 63
1165_0032_0015_0055_0055.jpg 1 32 15 55 55
1166_0011_0013_0031_0031.jpg 1 11 13 31 31
1167_0044_0053_0025_0025.jpg 1 44 53 25 25
1168_0026_0013_0044_0044.jpg 1 26 13 44 44
1169_0040_0047_0034_0034.jpg 1 40 47 34 34
1170_0025_0028_0049_0049.jpg 1 25 28 49 49
1171_0024_0024_0036_0036.jpg 1 24 24 36 36
1172_0007_0009_0067_0067.jpg 1 7 9 67 67
1173_0032_0023_0056_0056.jpg 1 32 23 56 56
1174_0023_0041_0039_0039.jpg 1 23 41 39 39
1175_0052_0029_0030_0030.jpg 1 52 29 30 30
1176_0028_0005_0059_0059.jpg 1 28 5 59 59
1177_0020_0015_0047_0047.jpg 1 20 15 47 47
1178_0013_0004_0069_0069.jpg 1 13 4 69 69
1179_0041_0047_0031_0031.jpg 1 41 47 31 31
1180_0010_0055_0025_0025.jpg 1 10 55 25 25
1181_0005_0029_0051_0051.jpg 1 5 29 51 51
1182_0018_0019_0039_0039.jpg 1 18 19 39 39
1183_0038_0008_0047_0047.jpg 1 38 8 47 47
1184_0037_0015_0047_0047.jpg 1 37 15 47 47
1185_0005_0018_0064_0064.jpg 1 5 18 64 64
1186_0043_0042_0036_0036.jpg 1 43 42 36 36
1187_0015_0025_0045_0045.jpg 1 15 25 45 45
1188_0043_0041_0039_0039.jpg 1 43 41 39 39
1189_0032_0040_0047_0047.jpg 1 32 40 47 47
1190_0028_0009_0056_0056.jpg 1 28 9 56 56
1191_0008_0028_0063_0063.jpg 1 8 28 63 63
1192_0033_0006_0057_0057.jpg 1 33 6 57 57
1193_0015_0006_0048_0048.jpg 1 15 6 48 48
1194_0031_0054_0028_0028.jpg 1 31 54 28 28
1195_0037_0020_0041_0041.jpg 1 37 20 41 41
1196_0014_0012_0065_0065.jpg 1 14 12 65 65
1197_0039_0042_0034_0034.jpg 1 39 42 34 34
1198_0025_0039_0048_0048.jpg 1 25 39 48 48
1199_0007_0037_0029_0029.jpg 1 7 37 29 29
1200_0005_0008_0054_0054.jpg 1 5 8 54 54
1201_0028_0014_0063_0063.jpg 1 28 14 63 63
1202_0048_0033_0026_0026.jpg 1 48 33 26 26
1203_0009_0024_0040_0040.jpg 1 9 24 40 40
1204_0011_0004_0067_0067.jpg 1 11 4 67 67
1205_0031_0010_0055_0055.jpg 1 31 10 55 55
1206_0010_0041_0028_0028.jpg 1 10 41 28 28
1207_0023_0020_0065_0065.jpg 1 23 20 65 65
1208_0024_0027_0029_0029.jpg 1 24 27 29 29
1209_0024_0007_0062_0062.jpg 1 24 7 62 62
1210_0034_0024_0054_0054.jpg 1 34 24 54 54
1211_0006_0023_0059_0059.jpg 1 6 23 59 59
1212_0029_0015_0050_0050.jpg 1 29 15 50 50
1213_0015_0004_0066_0066.jpg 1 15 4 66 66
1214_0015_0043_0030_0030.jpg 1 15 43 30 30
1215_0040_0017_0037_0037.jpg 1 40 17 37 37
1216_0007_0028_0060_0060.jpg 1 7 28 60 60
1217_0042_0031_0027_0027.jpg 1 42 31 27 27
1218_0021_0047_0035_0035.jpg 1 21 47 35 35
1219_0029_0011_0040_0040.jpg 1 29 11 40 40
1220_0038_0008_0047_0047.jpg 1 38 8 47 47
1221_0004_0004_0065_0065.jpg 1 4 4 65 65
1222_0027_0021_0064_0064.jpg 1 27 21 64 64
1223_0028_0020_0060_0060.jpg 1 28 20 60 60
1224_0055_0035_0027_0027.jpg 1 55 35 27 27
1225_0010_0020_0050_0050.jpg 1 10 20 50 50
1226_0025_0047_0038_0038.jpg 1 25 47 38 38
1227_0005_0023_0052_0052.jpg 1 5 23 52 52
1228_0034_0005_0049_0049.jpg 1 34 5 49 49
1229_0015_0019_0040_0040.jpg 1 15 19 40 40
1230_0007_0008_0066_0066.jpg 1 7 8 66 66
1231_0018_0020_0036_0036.jpg 1 18 20 36 36
1232_0013_0010_0026_0026.jpg 1 13 10 26 26
1233_0011_0026_0025_0025.jpg 1 11 26 25 25
1234_0020_0009_0055_0055.jpg 1 20 9 55 55
1235_0027_0025_0057_0057.jpg 1 27 25 57 57
1236_0025_0030_0026_0026.jpg 1 25 30 26 26
1237_0006_0011_0055_0055.jpg 1 6 11 55 55
1238_0055_0039_0030_0030.jpg 1 55 39 30 30
1239_0008_0018_0064_0064.jpg 1 8 18 64 64
1240_0037_0020_0051_0051.jpg 1 37 20 51 51
1241_0018_0048_0030_0030.jpg 1 18 48 30 30
1242_0009_0039_0040_0040.jpg 1 9 39 40 40
1243_0028_0018_0052_0052.jpg 1 28 18 52 52
1244_0021_0028_0062_0062.jpg 1 21 28 62 62
1245_0005_0023_0051_0051.jpg 1 5 23 51 51
1246_0030_0031_0044_0044.jpg 1 30 31 44 44
1247_0019_0042_0044_0044.jpg 1 19 42 44 44
1248_0015_0027_0054_0054.jpg 1 15 27 54 54
1249_0021_0029_0056_0056.jpg 1 21 29 56 56
1250_0022_0027_0043_0043.jpg 1 22 27 43 43
1251_0024_0011_0048_0048.jpg 1 24 11 48 48
1252_0027_0013_0065_0065.jpg 1 27 13 65 65
1253_0008_0020_0056_0056.jpg 1 8 20 56 56
1254_0029_0024_0061_0061.jpg 1 29 24 61 61
1255_0036_0028_0039_0039.jpg 1 36 28 39 39
1256_0024_0008_0047_0047.jpg 1 24 8 47 47
1257_0039_0046_0027_0027.jpg 1 39 46 27 27
1258_0022_0047_0031_0031.jpg 1 22 47 31 31
1259_0030_0026_0029_0029.jpg 1 30 26 29 29
1260_0010_0011_0058_0058.jpg 1 10 11 58 58
1261_0045_0042_0031_0031.jpg 1 45 42 31 31
1262_0014_0017_0024_0024.jpg 1 14 17 24 24
1263_0028_0013_0063_0063.jpg 1 28 13 63 63
1264_0026_0040_0036_0036.jpg 1 26 40 36 36
1265_0017_0012_0067_0067.jpg 1 17 12 67 67
1266_0006_0007_0052_0052.jpg 1 6 7 52 52
1267_0015_0012_0066_0066.jpg 1 15 12 66 66
1268_0009_0024_0046_0046.jpg 1 9 24 46 46
1269_0041_0027_0030_0030.jpg 1 41 27 30 30
1270_0016_0024_0044_0044.jpg 1 16 24 44 44
1271_0016_0023_0025_0025.jpg 1 16 23 25 25
1272_0036_0009_0036_0036.jpg 1 36 9 36 36
1273_0014_0011_0068_0068.jpg 1 14 11 68 68
1274_0022_0027_0056_0056.jpg 1 22 27 56 56
1275_0025_0006_0043_0043.jpg 1 25 6 43 43
1276_0014_0015_0047_0047.jpg 1 14 15 47 47
1277_0009_0018_0068_0068.jpg 1 9 18 68 68
1278_0016_0006_0067_0067.jpg 1 16 6 67 67
1279_0021_0017_0064_0064.jpg 1 21 17 64 64
1280_0005_0018_0068_0068.jpg 1 5 18 68 68
1281_0025_0007_0025_0025.jpg 1 25 7 25 25
1282_0052_0022_0025_0025.jpg 1 52 22 25 25
1283_0015_0019_0047_0047.jpg 1 15 19 47 47
1284_0009_0045_0032_0032.jpg 1 9 45 32 32
1285_0014_0021_0047_0047.jpg 1 14 21 47 47
1286_0033_0043_0036_0036.jpg 1 33 43 36 36
1287_0021_0039_0025_0025.jpg 1 21 39 25 25
1288_0048_0015_0030_0030.jpg 1 48 15 30 30
1289_0021_0032_0046_0046.jpg 1 21 32 46 46
1290_0007_0022_0066_0066.jpg 1 7 22 66 66
1291_0007_0015_0049_0049.jpg 1 7 15 49 49
1292_0020_0020_0024_0024.jpg 1 20 20 24 24
1293_0008_0012_0060_0060.jpg 1 8 12 60 60
1294_0037_0049_0033_0033.jpg 1 37 49 33 33
1295_0007_0030_0050_0050.jpg 1 7 30 50 50
1296_0040_0039_0040_0040.jpg 1 40 39 40 40
1297_0032_0004_0053_0053.jpg 1 32 4 53 53
1298_0044_0034_0035_0035.jpg 1 44 34 35 35
1299_0033_0019_0052_0052.jpg 1 33 19 52 52
1300_0035_0006_0052_0052.jpg 1 35 6 52 52
1301_0038_0024_0050_0050.jpg 1 38 24 50 50
1302_0035_0045_0030_0030.jpg 1 35 45 30 30
1303_0023_0009_0057_0057.jpg 1 23 9 57 57
1304_0022_0009_0066_0066.jpg 1 22 9 66 66
1305_0029_0023_0046_0046.jpg 1 29 23 46 46
1306_0034_0013_0048_0048.jpg 1 34 13 48 48
1307_0012_0018_0069_0069.jpg 1 12 18 69 69
1308_0022_0024_0047_0047.jpg 1 22 24 47 47
1309_0030_0030_0060_0060.jpg 1 30 30 60 60
1310_0007_0027_0059_0059.jpg 1 7 27 59 59
1311_0017_0017_0069_0069.jpg 1 17 17 69 69
1312_0020_0005_0059_0059.jpg 1 20 5 59 59
1313_0010_0021_0069_0069.jpg 1 10 21 69 69
1314_0025_0041_0041_0041.jpg 1 25 41 41 41
1315_0006_0031_0051_0051.jpg 1 6 31 51 51
1316_0023_0014_0045_0045.jpg 1 23 14 45 45
1317_0020_0015_0029_0029.jpg 1 20 15 29 29
1318_0046_0049_0026_0026.jpg 1 46 49 26 26
1319_0010_0009_0067_0067.jpg 1 10 9 67 67
1320_0029_0029_0025_0025.jpg 1 29 29 25 25
1321_0012_0016_0028_0028.jpg 1 12 16 28 28
1322_0031_0010_0050_0050.jpg 1 31 10 50 50
1323_0044_0013_0038_0038.jpg 1 44 13 38 38
1324_0023_0014_0064_0064.jpg 1 23 14 64 64
1325_0015_0029_0060_0060.jpg 1 15 29 60 60
1326_0009_0004_0059_0059.jpg 1 9 4 59 59
1327_0058_0025_0024_0024.jpg 1 58 25 24 24
1328_0020_0014_0065_0065.jpg 1 20 14 65 65
1329_0060_0024_0024_0024.jpg 1 60 24 24 24
1330_0047_0018_0037_0037.jpg 1 47 18 37 37
1331_0021_0014_0066_0066.jpg 1 21 14 66 66
1332_0015_0026_0056_0056.jpg 1 15 26 56 56
1333_0012_0029_0044_0044.jpg 1 12 29 44 44
1334_0026_0021_0052_0052.jpg 1 26 21 52 52
1335_0007_0014_0046_0046.jpg 1 7 14 46 46
1336_0018_0037_0039_0039.jpg 1 18 37 39 39
1337_0012_0047_0037_0037.jpg 1 12 47 37 37
1338_0016_0039_0046_0046.jpg 1 16 39 46 46
1339_0033_0005_0046_0046.jpg 1 33 5 46 46
1340_0025_0008_0064_0064.jpg 1 25 8 64 64
1341_0010_0026_0058_0058.jpg 1 10 26 58 58
1342_0033_0033_0025_0025.jpg 1 33 33 25 25
1343_0026_0012_0038_0038.jpg 1 26 12 38 38
1344_0035_0040_0026_0026.jpg 1 35 40 26 26
1345_0031_0017_0031_0031.jpg 1 31 17 31 31
1346_0015_0018_0060_0060.jpg 1 15 18 60 60
1347_0046_0035_0030_0030.jpg 1 46 35 30 30
1348_0031_0022_0049_0049.jpg 1 31 22 49 49
1349_0024_0044_0043_0043.jpg 1 24 44 43 43
1350_0017_0006_0040_0040.jpg 1 17 6 40 40
1351_0026_0008_0067_0067.jpg 1 26 8 67 67
1352_0011_0038_0037_0037.jpg 1 11 38 37 37
1353_0028_0041_0043_0043.jpg 1 28 41 43 43
1354_0021_0011_0038_0038.jpg 1 21 11 38 38
1355_0029_0015_0053_0053.jpg 1 29 15 53 53
1356_0007_0021_0039_0039.jpg 1 7 21 39 39
1357_0340_0129_0068_0068.jpg 1 340 129 68 68
1358_0022_0045_0025_0025.jpg 1 22 45 25 25
1359_0019_0028_0042_0042.jpg 1 19 28 42 42
1360_0026_0040_0025_0025.jpg 1 26 40 25 25
1361_0008_0034_0035_0035.jpg 1 8 34 35 35
1362_0050_0049_0032_0032.jpg 1 50 49 32 32
1363_0008_0004_0063_0063.jpg 1 8 4 63 63
1364_0007_0015_0042_0042.jpg 1 7 15 42 42
1365_0007_0033_0057_0057.jpg 1 7 33 57 57
1366_0009_0006_0066_0066.jpg 1 9 6 66 66
1367_0003_0015_0069_0069.jpg 1 3 15 69 69
1368_0037_0022_0038_0038.jpg 1 37 22 38 38
1369_0046_0014_0026_0026.jpg 1 46 14 26 26
1370_0019_0008_0048_0048.jpg 1 19 8 48 48
1371_0004_0012_0061_0061.jpg 1 4 12 61 61
1372_0043_0024_0035_0035.jpg 1 43 24 35 35
1373_0052_0042_0028_0028.jpg 1 52 42 28 28
1374_0032_0033_0046_0046.jpg 1 32 33 46 46
1375_0027_0030_0061_0061.jpg 1 27 30 61 61
1376_0036_0016_0053_0053.jpg 1 36 16 53 53
1377_0023_0023_0032_0032.jpg 1 23 23 32 32
1378_0014_0037_0029_0029.jpg 1 14 37 29 29
1379_0016_0012_0039_0039.jpg 1 16 12 39 39
1380_0008_0009_0032_0032.jpg 1 8 9 32 32
1381_0012_0015_0066_0066.jpg 1 12 15 66 66
1382_0019_0030_0058_0058.jpg 1 19 30 58 58
1383_0040_0018_0024_0024.jpg 1 40 18 24 24
1384_0024_0009_0060_0060.jpg 1 24 9 60 60
1385_0019_0006_0059_0059.jpg 1 19 6 59 59
1386_0013_0040_0044_0044.jpg 1 13 40 44 44
1387_0024_0019_0043_0043.jpg 1 24 19 43 43
1388_0040_0026_0044_0044.jpg 1 40 26 44 44
1389_0007_0017_0064_0064.jpg 1 7 17 64 64
1390_0025_0017_0057_0057.jpg 1 25 17 57 57
1391_0013_0014_0065_0065.jpg 1 13 14 65 65
1392_0006_0006_0057_0057.jpg 1 6 6 57 57
1393_0020_0051_0028_0028.jpg 1 20 51 28 28
1394_0026_0015_0042_0042.jpg 1 26 15 42 42
1395_0035_0036_0050_0050.jpg 1 35 36 50 50
1396_0021_0029_0041_0041.jpg 1 21 29 41 41
1397_0019_0035_0048_0048.jpg 1 19 35 48 48
1398_0011_0013_0069_0069.jpg 1 11 13 69 69
1399_0009_0025_0055_0055.jpg 1 9 25 55 55
1400_0014_0056_0027_0027.jpg 1 14 56 27 27
1401_0010_0025_0042_0042.jpg 1 10 25 42 42
1402_0038_0010_0035_0035.jpg 1 38 10 35 35
1403_0014_0023_0049_0049.jpg 1 14 23 49 49
1404_0005_0009_0062_0062.jpg 1 5 9 62 62
1405_0016_0007_0053_0053.jpg 1 16 7 53 53
1406_0005_0032_0057_0057.jpg 1 5 32 57 57
1407_0006_0039_0038_0038.jpg 1 6 39 38 38
1408_0029_0013_0061_0061.jpg 1 29 13 61 61
1409_0026_0027_0044_0044.jpg 1 26 27 44 44
1410_0028_0009_0046_0046.jpg 1 28 9 46 46
1411_0049_0039_0033_0033.jpg 1 49 39 33 33
1412_0012_0015_0066_0066.jpg 1 12 15 66 66
1413_0004_0008_0065_0065.jpg 1 4 8 65 65
1414_0020_0021_0053_0053.jpg 1 20 21 53 53
1415_0008_0014_0069_0069.jpg 1 8 14 69 69
1416_0023_0005_0056_0056.jpg 1 23 5 56 56
1417_0034_0034_0045_0045.jpg 1 34 34 45 45
1418_0029_0013_0035_0035.jpg 1 29 13 35 35
1419_0021_0023_0037_0037.jpg 1 21 23 37 37
1420_0031_0009_0061_0061.jpg 1 31 9 61 61
1421_0016_0008_0060_0060.jpg 1 16 8 60 60
1422_0024_0008_0055_0055.jpg 1 24 8 55 55
1423_0023_0028_0041_0041.jpg 1 23 28 41 41
1424_0006_0024_0038_0038.jpg 1 6 24 38 38
1425_0028_0038_0038_0038.jpg 1 28 38 38 38
1426_0039_0022_0049_0049.jpg 1 39 22 49 49
1427_0015_0020_0050_0050.jpg 1 15 20 50 50
1428_0025_0011_0068_0068.jpg 1 25 11 68 68
1429_0010_0009_0066_0066.jpg 1 10 9 66 66
1430_0034_0044_0036_0036.jpg 1 34 44 36 36
1431_0040_0043_0040_0040.jpg 1 40 43 40 40
1432_0012_0014_0056_0056.jpg 1 12 14 56 56
1433_0009_0005_0051_0051.jpg 1 9 5 51 51
1434_0051_0047_0032_0032.jpg 1 51 47 32 32
1435_0018_0028_0053_0053.jpg 1 18 28 53 53
1436_0025_0053_0026_0026.jpg 1 25 53 26 26
1437_0005_0013_0049_0049.jpg 1 5 13 49 49
1438_0021_0040_0041_0041.jpg 1 21 40 41 41
1439_0028_0026_0049_0049.jpg 1 28 26 49 49
1440_0024_0018_0059_0059.jpg 1 24 18 59 59
1441_0042_0017_0043_0043.jpg 1 42 17 43 43
1442_0041_0021_0028_0028.jpg 1 41 21 28 28
1443_0030_0023_0062_0062.jpg 1 30 23 62 62
1444_0009_0014_0035_0035.jpg 1 9 14 35 35
1445_0031_0044_0028_0028.jpg 1 31 44 28 28
1446_0018_0014_0067_0067.jpg 1 18 14 67 67
1447_0025_0035_0052_0052.jpg 1 25 35 52 52
1448_0030_0050_0024_0024.jpg 1 30 50 24 24
1449_0030_0030_0052_0052.jpg 1 30 30 52 52
1450_0041_0029_0039_0039.jpg 1 41 29 39 39
1451_0015_0016_0067_0067.jpg 1 15 16 67 67
1452_0008_0021_0036_0036.jpg 1 8 21 36 36
1453_0044_0034_0036_0036.jpg 1 44 34 36 36
1454_0015_0041_0036_0036.jpg 1 15 41 36 36
1455_0016_0014_0066_0066.jpg 1 16 14 66 66
1456_0006_0016_0041_0041.jpg 1 6 16 41 41
1457_0006_0022_0068_0068.jpg 1 6 22 68 68
1458_0042_0043_0037_0037.jpg 1 42 43 37 37
1459_0019_0011_0034_0034.jpg 1 19 11 34 34
1460_0050_0046_0032_0032.jpg 1 50 46 32 32
1461_0055_0046_0030_0030.jpg 1 55 46 30 30
1462_0030_0006_0040_0040.jpg 1 30 6 40 40
1463_0018_0039_0028_0028.jpg 1 18 39 28 28
1464_0012_0007_0051_0051.jpg 1 12 7 51 51
1465_0015_0015_0027_0027.jpg 1 15 15 27 27
1466_0017_0022_0027_0027.jpg 1 17 22 27 27
1467_0023_0006_0057_0057.jpg 1 23 6 57 57
1468_0015_0034_0034_0034.jpg 1 15 34 34 34
1469_0009_0026_0064_0064.jpg 1 9 26 64 64
1470_0033_0038_0044_0044.jpg 1 33 38 44 44
1471_0033_0036_0044_0044.jpg 1 33 36 44 44
1472_0031_0021_0027_0027.jpg 1 31 21 27 27
1473_0015_0008_0031_0031.jpg 1 15 8 31 31
1474_0034_0025_0032_0032.jpg 1 34 25 32 32
1475_0028_0047_0036_0036.jpg 1 28 47 36 36
1476_0011_0015_0069_0069.jpg 1 11 15 69 69
1477_0040_0028_0048_0048.jpg 1 40 28 48 48
1478_0047_0019_0034_0034.jpg 1 47 19 34 34
1479_0014_0037_0024_0024.jpg 1 14 37 24 24
1480_0020_0008_0026_0026.jpg 1 20 8 26 26
1481_0211_0162_0025_0025.jpg 1 211 162 25 25
1482_0007_0020_0054_0054.jpg 1 7 20 54 54
1483_0018_0013_0024_0024.jpg 1 18 13 24 24
1484_0018_0039_0041_0041.jpg 1 18 39 41 41
1485_0020_0020_0053_0053.jpg 1 20 20 53 53
1486_0031_0025_0049_0049.jpg 1 31 25 49 49
1487_0027_0005_0059_0059.jpg 1 27 5 59 59
1488_0024_0009_0063_0063.jpg 1 24 9 63 63
1489_0005_0024_0060_0060.jpg 1 5 24 60 60
1490_0018_0011_0068_0068.jpg 1 18 11 68 68
1491_0031_0026_0050_0050.jpg 1 31 26 50 50
1492_0035_0039_0031_0031.jpg 1 35 39 31 31
1493_0005_0034_0055_0055.jpg 1 5 34 55 55
1494_0023_0026_0061_0061.jpg 1 23 26 61 61
1495_0038_0008_0052_0052.jpg 1 38 8 52 52
1496_0016_0029_0037_0037.jpg 1 16 29 37 37
1497_0039_0010_0030_0030.jpg 1 39 10 30 30
1498_0012_0051_0034_0034.jpg 1 12 51 34 34
1499_0033_0009_0024_0024.jpg 1 33 9 24 24
1500_0013_0028_0045_0045.jpg 1 13 28 45 45
1501_0027_0026_0024_0024.jpg 1 27 26 24 24
1502_0028_0038_0036_0036.jpg 1 28 38 36 36
1503_0018_0020_0066_0066.jpg 1 18 20 66 66
1504_0044_0033_0034_0034.jpg 1 44 33 34 34
1505_0020_0031_0026_0026.jpg 1 20 31 26 26
1506_0006_0023_0067_0067.jpg 1 6 23 67 67
1507_0023_0020_0066_0066.jpg 1 23 20 66 66
1508_0019_0017_0059_0059.jpg 1 19 17 59 59
1509_0045_0008_0042_0042.jpg 1 45 8 42 42
1510_0038_0024_0034_0034.jpg 1 38 24 34 34
1511_0010_0011_0055_0055.jpg 1 10 11 55 55
1512_0011_0037_0024_0024.jpg 1 11 37 24 24
1513_0024_0041_0028_0028.jpg 1 24 41 28 28
1514_0013_0023_0054_0054.jpg 1 13 23 54 54
1515_0008_0008_0036_0036.jpg 1 8 8 36 36
1516_0028_0018_0045_0045.jpg 1 28 18 45 45
1517_0039_0033_0044_0044.jpg 1 39 33 44 44
1518_0021_0024_0032_0032.jpg 1 21 24 32 32
1519_0016_0046_0038_0038.jpg 1 16 46 38 38
1520_0010_0021_0068_0068.jpg 1 10 21 68 68
1521_0025_0025_0045_0045.jpg 1 25 25 45 45
1522_0008_0004_0069_0069.jpg 1 8 4 69 69
1523_0005_0023_0062_0062.jpg 1 5 23 62 62
1524_0028_0033_0044_0044.jpg 1 28 33 44 44
1525_0031_0022_0032_0032.jpg 1 31 22 32 32
1526_0008_0011_0069_0069.jpg 1 8 11 69 69
1527_0041_0041_0035_0035.jpg 1 41 41 35 35
1528_0040_0032_0045_0045.jpg 1 40 32 45 45
1529_0016_0016_0068_0068.jpg 1 16 16 68 68
1530_0043_0045_0024_0024.jpg 1 43 45 24 24
1531_0016_0032_0047_0047.jpg 1 16 32 47 47
1532_0026_0025_0057_0057.jpg 1 26 25 57 57
1533_0035_0034_0052_0052.jpg 1 35 34 52 52
1534_0041_0031_0045_0045.jpg 1 41 31 45 45
1535_0014_0019_0063_0063.jpg 1 14 19 63 63
1536_0031_0033_0056_0056.jpg 1 31 33 56 56
1537_0026_0025_0066_0066.jpg 1 26 25 66 66
1538_0014_0018_0063_0063.jpg 1 14 18 63 63
1539_0019_0026_0066_0066.jpg 1 19 26 66 66
1540_0027_0024_0058_0058.jpg 1 27 24 58 58
1541_0021_0014_0063_0063.jpg 1 21 14 63 63
1542_0019_0026_0055_0055.jpg 1 19 26 55 55
1543_0037_0016_0052_0052.jpg 1 37 16 52 52
1544_0021_0018_0036_0036.jpg 1 21 18 36 36
1545_0026_0041_0033_0033.jpg 1 26 41 33 33
1546_0016_0046_0041_0041.jpg 1 16 46 41 41
1547_0037_0046_0028_0028.jpg 1 37 46 28 28
1548_0041_0040_0040_0040.jpg 1 41 40 40 40
1549_0019_0041_0035_0035.jpg 1 19 41 35 35
1550_0023_0027_0057_0057.jpg 1 23 27 57 57
1551_0046_0058_0024_0024.jpg 1 46 58 24 24
1552_0026_0019_0052_0052.jpg 1 26 19 52 52
1553_0010_0032_0038_0038.jpg 1 10 32 38 38
1554_0018_0016_0048_0048.jpg 1 18 16 48 48
1555_0009_0024_0067_0067.jpg 1 9 24 67 67
1556_0026_0021_0024_0024.jpg 1 26 21 24 24
1557_0017_0004_0069_0069.jpg 1 17 4 69 69
1558_0009_0013_0055_0055.jpg 1 9 13 55 55
1559_0014_0008_0051_0051.jpg 1 14 8 51 51
1560_0048_0060_0024_0024.jpg 1 48 60 24 24
1561_0009_0014_0069_0069.jpg 1 9 14 69 69
1562_0027_0035_0036_0036.jpg 1 27 35 36 36
1563_0020_0006_0052_0052.jpg 1 20 6 52 52
1564_0035_0015_0040_0040.jpg 1 35 15 40 40
1565_0042_0034_0034_0034.jpg 1 42 34 34 34
1566_0009_0025_0068_0068.jpg 1 9 25 68 68
1567_0035_0038_0029_0029.jpg 1 35 38 29 29
1568_0009_0024_0052_0052.jpg 1 9 24 52 52
1569_0014_0006_0069_0069.jpg 1 14 6 69 69
1570_0027_0011_0058_0058.jpg 1 27 11 58 58
1571_0026_0008_0066_0066.jpg 1 26 8 66 66
1572_0020_0012_0059_0059.jpg 1 20 12 59 59
1573_0025_0045_0038_0038.jpg 1 25 45 38 38
1574_0031_0037_0051_0051.jpg 1 31 37 51 51
1575_0012_0026_0028_0028.jpg 1 12 26 28 28
1576_0012_0018_0068_0068.jpg 1 12 18 68 68
1577_0035_0017_0047_0047.jpg 1 35 17 47 47
1578_0043_0026_0024_0024.jpg 1 43 26 24 24
1579_0007_0023_0068_0068.jpg 1 7 23 68 68
1580_0033_0013_0031_0031.jpg 1 33 13 31 31
1581_0026_0024_0059_0059.jpg 1 26 24 59 59
1582_0023_0023_0065_0065.jpg 1 23 23 65 65
1583_0019_0017_0068_0068.jpg 1 19 17 68 68
1584_0027_0011_0025_0025.jpg 1 27 11 25 25
1585_0010_0021_0057_0057.jpg 1 10 21 57 57
1586_0023_0006_0034_0034.jpg 1 23 6 34 34
1587_0014_0016_0060_0060.jpg 1 14 16 60 60
1588_0023_0014_0048_0048.jpg 1 23 14 48 48
1589_0041_0028_0041_0041.jpg 1 41 28 41 41
1590_0055_0042_0026_0026.jpg 1 55 42 26 26
1591_0035_0015_0043_0043.jpg 1 35 15 43 43
1592_0009_0026_0031_0031.jpg 1 9 26 31 31
1593_0020_0009_0058_0058.jpg 1 20 9 58 58
1594_0021_0019_0062_0062.jpg 1 21 19 62 62
1595_0008_0036_0038_0038.jpg 1 8 36 38 38
1596_0010_0033_0042_0042.jpg 1 10 33 42 42
1597_0027_0020_0052_0052.jpg 1 27 20 52 52
1598_0024_0011_0032_0032.jpg 1 24 11 32 32
1599_0053_0009_0028_0028.jpg 1 53 9 28 28
1600_0020_0016_0060_0060.jpg 1 20 16 60 60
1601_0006_0041_0048_0048.jpg 1 6 41 48 48
1602_0026_0022_0049_0049.jpg 1 26 22 49 49
1603_0008_0004_0059_0059.jpg 1 8 4 59 59
1604_0026_0025_0041_0041.jpg 1 26 25 41 41
1605_0043_0023_0045_0045.jpg 1 43 23 45 45
1606_0008_0019_0060_0060.jpg 1 8 19 60 60
1607_0045_0026_0042_0042.jpg 1 45 26 42 42
1608_0006_0018_0060_0060.jpg 1 6 18 60 60
1609_0018_0035_0032_0032.jpg 1 18 35 32 32
1610_0036_0008_0033_0033.jpg 1 36 8 33 33
1611_0028_0051_0024_0024.jpg 1 28 51 24 24
1612_0016_0009_0053_0053.jpg 1 16 9 53 53
1613_0043_0037_0036_0036.jpg 1 43 37 36 36
1614_0024_0024_0058_0058.jpg 1 24 24 58 58
1615_0032_0007_0052_0052.jpg 1 32 7 52 52
1616_0031_0022_0046_0046.jpg 1 31 22 46 46
1617_0012_0028_0051_0051.jpg 1 12 28 51 51
1618_0016_0010_0029_0029.jpg 1 16 10 29 29
1619_0015_0018_0066_0066.jpg 1 15 18 66 66
1620_0032_0008_0029_0029.jpg 1 32 8 29 29
1621_0017_0050_0029_0029.jpg 1 17 50 29 29
1622_0008_0016_0066_0066.jpg 1 8 16 66 66
1623_0013_0049_0029_0029.jpg 1 13 49 29 29
1624_0029_0026_0054_0054.jpg 1 29 26 54 54
1625_0017_0012_0054_0054.jpg 1 17 12 54 54
1626_0036_0026_0040_0040.jpg 1 36 26 40 40
1627_0025_0008_0065_0065.jpg 1 25 8 65 65
1628_0039_0008_0042_0042.jpg 1 39 8 42 42
1629_0005_0027_0054_0054.jpg 1 5 27 54 54
1630_0009_0015_0051_0051.jpg 1 9 15 51 51
1631_0017_0028_0063_0063.jpg 1 17 28 63 63
1632_0030_0021_0051_0051.jpg 1 30 21 51 51
1633_0006_0012_0066_0066.jpg 1 6 12 66 66
1634_0047_0009_0025_0025.jpg 1 47 9 25 25
1635_0010_0013_0063_0063.jpg 1 10 13 63 63
1636_0019_0025_0064_0064.jpg 1 19 25 64 64
1637_0008_0006_0054_0054.jpg 1 8 6 54 54
1638_0023_0028_0051_0051.jpg 1 23 28 51 51
1639_0025_0008_0054_0054.jpg 1 25 8 54 54
1640_0056_0050_0027_0027.jpg 1 56 50 27 27
1641_0033_0018_0057_0057.jpg 1 33 18 57 57
1642_0013_0037_0052_0052.jpg 1 13 37 52 52
1643_0013_0016_0066_0066.jpg 1 13 16 66 66
1644_0029_0041_0037_0037.jpg 1 29 41 37 37
1645_0015_0009_0040_0040.jpg 1 15 9 40 40
1646_0030_0043_0040_0040.jpg 1 30 43 40 40
1647_0038_0022_0030_0030.jpg 1 38 22 30 30
1648_0005_0016_0057_0057.jpg 1 5 16 57 57
1649_0032_0020_0050_0050.jpg 1 32 20 50 50
1650_0055_0031_0028_0028.jpg 1 55 31 28 28
1651_0008_0022_0027_0027.jpg 1 8 22 27 27
1652_0006_0019_0062_0062.jpg 1 6 19 62 62
1653_0024_0037_0045_0045.jpg 1 24 37 45 45
1654_0008_0057_0027_0027.jpg 1 8 57 27 27
1655_0021_0021_0068_0068.jpg 1 21 21 68 68
1656_0024_0018_0056_0056.jpg 1 24 18 56 56
1657_0037_0025_0050_0050.jpg 1 37 25 50 50
1658_0032_0032_0050_0050.jpg 1 32 32 50 50
1659_0020_0027_0060_0060.jpg 1 20 27 60 60
1660_0024_0007_0057_0057.jpg 1 24 7 57 57
1661_0026_0010_0052_0052.jpg 1 26 10 52 52
1662_0009_0012_0065_0065.jpg 1 9 12 65 65
1663_0014_0022_0057_0057.jpg 1 14 22 57 57
1664_0007_0030_0048_0048.jpg 1 7 30 48 48
1665_0054_0028_0027_0027.jpg 1 54 28 27 27
1666_0011_0034_0047_0047.jpg 1 11 34 47 47
1667_0025_0013_0062_0062.jpg 1 25 13 62 62
1668_0024_0020_0064_0064.jpg 1 24 20 64 64
1669_0014_0010_0060_0060.jpg 1 14 10 60 60
1670_0031_0030_0035_0035.jpg 1 31 30 35 35
1671_0024_0010_0054_0054.jpg 1 24 10 54 54
1672_0032_0024_0049_0049.jpg 1 32 24 49 49
1673_0027_0012_0046_0046.jpg 1 27 12 46 46
1674_0006_0022_0065_0065.jpg 1 6 22 65 65
1675_0024_0051_0033_0033.jpg 1 24 51 33 33
1676_0030_0045_0038_0038.jpg 1 30 45 38 38
1677_0017_0027_0032_0032.jpg 1 17 27 32 32
1678_0045_0019_0042_0042.jpg 1 45 19 42 42
1679_0035_0027_0056_0056.jpg 1 35 27 56 56
1680_0007_0027_0043_0043.jpg 1 7 27 43 43
1681_0008_0010_0066_0066.jpg 1 8 10 66 66
1682_0004_0009_0067_0067.jpg 1 4 9 67 67
1683_0015_0008_0054_0054.jpg 1 15 8 54 54
1684_0032_0019_0059_0059.jpg 1 32 19 59 59
1685_0040_0032_0038_0038.jpg 1 40 32 38 38
1686_0023_0025_0062_0062.jpg 1 23 25 62 62
1687_0029_0030_0058_0058.jpg 1 29 30 58 58
1688_0007_0009_0058_0058.jpg 1 7 9 58 58
1689_0005_0032_0049_0049.jpg 1 5 32 49 49
1690_0010_0030_0052_0052.jpg 1 10 30 52 52
1691_0026_0030_0033_0033.jpg 1 26 30 33 33
1692_0036_0025_0045_0045.jpg 1 36 25 45 45
1693_0038_0014_0028_0028.jpg 1 38 14 28 28
1694_0004_0019_0054_0054.jpg 1 4 19 54 54
1695_0032_0016_0059_0059.jpg 1 32 16 59 59
1696_0011_0022_0056_0056.jpg 1 11 22 56 56
1697_0055_0007_0025_0025.jpg 1 55 7 25 25
1698_0007_0016_0031_0031.jpg 1 7 16 31 31
1699_0018_0015_0048_0048.jpg 1 18 15 48 48
1700_0018_0030_0061_0061.jpg 1 18 30 61 61
1701_0014_0026_0056_0056.jpg 1 14 26 56 56
1702_0021_0029_0060_0060.jpg 1 21 29 60 60
1703_0035_0053_0030_0030.jpg 1 35 53 30 30
1704_0032_0010_0052_0052.jpg 1 32 10 52 52
1705_0018_0009_0064_0064.jpg 1 18 9 64 64
1706_0005_0019_0050_0050.jpg 1 5 19 50 50
1707_0013_0016_0064_0064.jpg 1 13 16 64 64
1708_0021_0006_0064_0064.jpg 1 21 6 64 64
1709_0040_0048_0038_0038.jpg 1 40 48 38 38
1710_0022_0055_0029_0029.jpg 1 22 55 29 29
1711_0032_0011_0055_0055.jpg 1 32 11 55 55
1712_0010_0020_0035_0035.jpg 1 10 20 35 35
1713_0013_0037_0043_0043.jpg 1 13 37 43 43
1714_0037_0043_0033_0033.jpg 1 37 43 33 33
1715_0023_0015_0052_0052.jpg 1 23 15 52 52
1716_0040_0038_0040_0040.jpg 1 40 38 40 40
1717_0027_0013_0039_0039.jpg 1 27 13 39 39
1718_0037_0018_0052_0052.jpg 1 37 18 52 52
1719_0028_0019_0041_0041.jpg 1 28 19 41 41
1720_0023_0016_0067_0067.jpg 1 23 16 67 67
1721_0019_0013_0040_0040.jpg 1 19 13 40 40
1722_0025_0030_0039_0039.jpg 1 25 30 39 39
1723_0019_0023_0067_0067.jpg 1 19 23 67 67
1724_0013_0007_0047_0047.jpg 1 13 7 47 47
1725_0006_0016_0062_0062.jpg 1 6 16 62 62
1726_0042_0042_0033_0033.jpg 1 42 42 33 33
1727_0041_0036_0028_0028.jpg 1 41 36 28 28
1728_0033_0039_0034_0034.jpg 1 33 39 34 34
1729_0031_0006_0047_0047.jpg 1 31 6 47 47
1730_0008_0014_0069_0069.jpg 1 8 14 69 69
1731_0033_0016_0031_0031.jpg 1 33 16 31 31
1732_0021_0029_0045_0045.jpg 1 21 29 45 45
1733_0026_0035_0052_0052.jpg 1 26 35 52 52
1734_0046_0044_0024_0024.jpg 1 46 44 24 24
1735_0005_0033_0048_0048.jpg 1 5 33 48 48
1736_0016_0009_0059_0059.jpg 1 16 9 59 59
1737_0020_0025_0026_0026.jpg 1 20 25 26 26
1738_0044_0040_0027_0027.jpg 1 44 40 27 27
1739_0031_0016_0049_0049.jpg 1 31 16 49 49
1740_0017_0019_0063_0063.jpg 1 17 19 63 63
1741_0034_0029_0053_0053.jpg 1 34 29 53 53
1742_0033_0031_0056_0056.jpg 1 33 31 56 56
1743_0037_0008_0048_0048.jpg 1 37 8 48 48
1744_0014_0011_0045_0045.jpg 1 14 11 45 45
1745_0019_0041_0040_0040.jpg 1 19 41 40 40
1746_0033_0033_0046_0046.jpg 1 33 33 46 46
1747_0019_0007_0061_0061.jpg 1 19 7 61 61
1748_0006_0009_0059_0059.jpg 1 6 9 59 59
1749_0040_0012_0034_0034.jpg 1 40 12 34 34
1750_0025_0024_0067_0067.jpg 1 25 24 67 67
1751_0013_0028_0062_0062.jpg 1 13 28 62 62
1752_0012_0028_0029_0029.jpg 1 12 28 29 29
1753_0050_0012_0036_0036.jpg 1 50 12 36 36
1754_0009_0019_0043_0043.jpg 1 9 19 43 43
1755_0024_0019_0051_0051.jpg 1 24 19 51 51
1756_0017_0038_0045_0045.jpg 1 17 38 45 45
1757_0014_0018_0060_0060.jpg 1 14 18 60 60
1758_0005_0032_0058_0058.jpg 1 5 32 58 58
1759_0020_0022_0057_0057.jpg 1 20 22 57 57
1760_0020_0013_0051_0051.jpg 1 20 13 51 51
1761_0005_0030_0048_0048.jpg 1 5 30 48 48
1762_0010_0028_0037_0037.jpg 1 10 28 37 37
1763_0028_0006_0055_0055.jpg 1 28 6 55 55
1764_0046_0049_0037_0037.jpg 1 46 49 37 37
1765_0006_0028_0059_0059.jpg 1 6 28 59 59
1766_0023_0047_0029_0029.jpg 1 23 47 29 29
1767_0022_0024_0058_0058.jpg 1 22 24 58 58
1768_0020_0016_0037_0037.jpg 1 20 16 37 37
1769_0010_0044_0042_0042.jpg 1 10 44 42 42
1770_0024_0006_0053_0053.jpg 1 24 6 53 53
1771_0030_0041_0047_0047.jpg 1 30 41 47 47
1772_0024_0018_0059_0059.jpg 1 24 18 59 59
1773_0023_0021_0048_0048.jpg 1 23 21 48 48
1774_0012_0028_0045_0045.jpg 1 12 28 45 45
1775_0016_0047_0028_0028.jpg 1 16 47 28 28
1776_0029_0030_0047_0047.jpg 1 29 30 47 47
1777_0006_0017_0043_0043.jpg 1 6 17 43 43
1778_0012_0024_0069_0069.jpg 1 12 24 69 69
1779_0032_0038_0043_0043.jpg 1 32 38 43 43
1780_0024_0026_0059_0059.jpg 1 24 26 59 59
1781_0021_0031_0045_0045.jpg 1 21 31 45 45
1782_0017_0016_0063_0063.jpg 1 17 16 63 63
1783_0034_0034_0032_0032.jpg 1 34 34 32 32
1784_0037_0012_0029_0029.jpg 1 37 12 29 29
1785_0039_0041_0044_0044.jpg 1 39 41 44 44
1786_0028_0042_0032_0032.jpg 1 28 42 32 32
1787_0032_0018_0046_0046.jpg 1 32 18 46 46
1788_0027_0032_0059_0059.jpg 1 27 32 59 59
1789_0015_0049_0034_0034.jpg 1 15 49 34 34
1790_0045_0024_0026_0026.jpg 1 45 24 26 26
1791_0025_0038_0034_0034.jpg 1 25 38 34 34
1792_0014_0013_0028_0028.jpg 1 14 13 28 28
1793_0004_0013_0058_0058.jpg 1 4 13 58 58
1794_0013_0007_0058_0058.jpg 1 13 7 58 58
1795_0022_0022_0060_0060.jpg 1 22 22 60 60
1796_0032_0011_0024_0024.jpg 1 32 11 24 24
1797_0023_0006_0062_0062.jpg 1 23 6 62 62
1798_0004_0015_0061_0061.jpg 1 4 15 61 61
1799_0012_0038_0048_0048.jpg 1 12 38 48 48
1800_0030_0008_0046_0046.jpg 1 30 8 46 46
1801_0018_0020_0054_0054.jpg 1 18 20 54 54
1802_0023_0005_0059_0059.jpg 1 23 5 59 59
1803_0034_0016_0039_0039.jpg 1 34 16 39 39
1804_0046_0048_0034_0034.jpg 1 46 48 34 34
1805_0017_0025_0043_0043.jpg 1 17 25 43 43
1806_0044_0039_0037_0037.jpg 1 44 39 37 37
1807_0007_0022_0067_0067.jpg 1 7 22 67 67
1808_0005_0006_0060_0060.jpg 1 5 6 60 60
1809_0014_0005_0068_0068.jpg 1 14 5 68 68
1810_0008_0021_0062_0062.jpg 1 8 21 62 62
1811_0012_0013_0069_0069.jpg 1 12 13 69 69
1812_0007_0013_0064_0064.jpg 1 7 13 64 64
1813_0005_0030_0061_0061.jpg 1 5 30 61 61
1814_0023_0010_0034_0034.jpg 1 23 10 34 34
1815_0010_0017_0061_0061.jpg 1 10 17 61 61
1816_0036_0023_0036_0036.jpg 1 36 23 36 36
1817_0026_0026_0051_0051.jpg 1 26 26 51 51
1818_0008_0050_0037_0037.jpg 1 8 50 37 37
1819_0006_0026_0053_0053.jpg 1 6 26 53 53
1820_0039_0025_0030_0030.jpg 1 39 25 30 30
1821_0028_0016_0037_0037.jpg 1 28 16 37 37
1822_0017_0018_0045_0045.jpg 1 17 18 45 45
1823_0023_0017_0047_0047.jpg 1 23 17 47 47
1824_0035_0007_0051_0051.jpg 1 35 7 51 51
1825_0011_0037_0050_0050.jpg 1 11 37 50 50
1826_0017_0029_0063_0063.jpg 1 17 29 63 63
1827_0015_0022_0048_0048.jpg 1 15 22 48 48
1828_0016_0018_0055_0055.jpg 1 16 18 55 55
1829_0023_0013_0059_0059.jpg 1 23 13 59 59
1830_0037_0034_0049_0049.jpg 1 37 34 49 49
1831_0011_0024_0068_0068.jpg 1 11 24 68 68
1832_0041_0042_0040_0040.jpg 1 41 42 40 40
1833_0016_0008_0051_0051.jpg 1 16 8 51 51
1834_0014_0005_0066_0066.jpg 1 14 5 66 66
1835_0027_0039_0040_0040.jpg 1 27 39 40 40
1836_0047_0042_0035_0035.jpg 1 47 42 35 35
1837_0022_0034_0047_0047.jpg 1 22 34 47 47
1838_0019_0054_0031_0031.jpg 1 19 54 31 31
1839_0046_0050_0028_0028.jpg 1 46 50 28 28
1840_0023_0019_0044_0044.jpg 1 23 19 44 44
1841_0010_0035_0048_0048.jpg 1 10 35 48 48
1842_0032_0006_0034_0034.jpg 1 32 6 34 34
1843_0029_0011_0037_0037.jpg 1 29 11 37 37
1844_0033_0041_0033_0033.jpg 1 33 41 33 33
1845_0016_0014_0061_0061.jpg 1 16 14 61 61
1846_0018_0007_0050_0050.jpg 1 18 7 50 50
1847_0021_0018_0060_0060.jpg 1 21 18 60 60
1848_0025_0019_0045_0045.jpg 1 25 19 45 45
1849_0008_0027_0037_0037.jpg 1 8 27 37 37
1850_0029_0012_0025_0025.jpg 1 29 12 25 25
1851_0018_0028_0063_0063.jpg 1 18 28 63 63
1852_0011_0028_0050_0050.jpg 1 11 28 50 50
1853_0050_0027_0033_0033.jpg 1 50 27 33 33
1854_0024_0033_0058_0058.jpg 1 24 33 58 58
1855_0051_0047_0032_0032.jpg 1 51 47 32 32
1856_0014_0016_0066_0066.jpg 1 14 16 66 66
1857_0019_0004_0054_0054.jpg 1 19 4 54 54
1858_0018_0006_0040_0040.jpg 1 18 6 40 40
1859_0027_0029_0062_0062.jpg 1 27 29 62 62
1860_0010_0009_0056_0056.jpg 1 10 9 56 56
1861_0037_0030_0047_0047.jpg 1 37 30 47 47
1862_0026_0026_0048_0048.jpg 1 26 26 48 48
1863_0044_0020_0029_0029.jpg 1 44 20 29 29
1864_0006_0021_0068_0068.jpg 1 6 21 68 68
1865_0020_0007_0055_0055.jpg 1 20 7 55 55
1866_0018_0017_0037_0037.jpg 1 18 17 37 37
1867_0006_0012_0059_0059.jpg 1 6 12 59 59
1868_0017_0004_0068_0068.jpg 1 17 4 68 68
1869_0019_0033_0052_0052.jpg 1 19 33 52 52
1870_0012_0036_0050_0050.jpg 1 12 36 50 50
1871_0012_0015_0056_0056.jpg 1 12 15 56 56
1872_0039_0043_0030_0030.jpg 1 39 43 30 30
1873_0005_0006_0061_0061.jpg 1 5 6 61 61
1874_0023_0020_0038_0038.jpg 1 23 20 38 38
1875_0006_0030_0061_0061.jpg 1 6 30 61 61
1876_0019_0011_0026_0026.jpg 1 19 11 26 26
1877_0054_0046_0025_0025.jpg 1 54 46 25 25
1878_0007_0012_0064_0064.jpg 1 7 12 64 64
1879_0031_0007_0045_0045.jpg 1 31 7 45 45
1880_0008_0035_0031_0031.jpg 1 8 35 31 31
1881_0037_0010_0053_0053.jpg 1 37 10 53 53
1882_0026_0019_0029_0029.jpg 1 26 19 29 29
1883_0009_0017_0032_0032.jpg 1 9 17 32 32
1884_0037_0015_0041_0041.jpg 1 37 15 41 41
1885_0017_0018_0043_0043.jpg 1 17 18 43 43
1886_0012_0037_0039_0039.jpg 1 12 37 39 39
1887_0044_0035_0029_0029.jpg 1 44 35 29 29
1888_0013_0049_0027_0027.jpg 1 13 49 27 27
1889_0040_0060_0024_0024.jpg 1 40 60 24 24
1890_0013_0037_0032_0032.jpg 1 13 37 32 32
1891_0008_0019_0043_0043.jpg 1 8 19 43 43
1892_0042_0045_0038_0038.jpg 1 42 45 38 38
1893_0006_0022_0064_0064.jpg 1 6 22 64 64
1894_0016_0015_0067_0067.jpg 1 16 15 67 67
1895_0026_0037_0033_0033.jpg 1 26 37 33 33
1896_0011_0017_0067_0067.jpg 1 11 17 67 67
1897_0020_0042_0033_0033.jpg 1 20 42 33 33
1898_0012_0009_0039_0039.jpg 1 12 9 39 39
1899_0026_0034_0046_0046.jpg 1 26 34 46 46
1900_0046_0045_0024_0024.jpg 1 46 45 24 24
1901_0023_0014_0056_0056.jpg 1 23 14 56 56
1902_0030_0006_0056_0056.jpg 1 30 6 56 56
1903_0021_0040_0048_0048.jpg 1 21 40 48 48
1904_0029_0011_0060_0060.jpg 1 29 11 60 60
1905_0034_0021_0051_0051.jpg 1 34 21 51 51
1906_0011_0007_0065_0065.jpg 1 11 7 65 65
1907_0051_0050_0025_0025.jpg 1 51 50 25 25
1908_0039_0017_0024_0024.jpg 1 39 17 24 24
1909_0011_0014_0051_0051.jpg 1 11 14 51 51
1910_0010_0017_0064_0064.jpg 1 10 17 64 64
1911_0009_0022_0043_0043.jpg 1 9 22 43 43
1912_0044_0020_0041_0041.jpg 1 44 20 41 41
1913_0044_0035_0034_0034.jpg 1 44 35 34 34
1914_0038_0016_0026_0026.jpg 1 38 16 26 26
1915_0024_0039_0025_0025.jpg 1 24 39 25 25
1916_0023_0030_0048_0048.jpg 1 23 30 48 48
1917_0027_0043_0040_0040.jpg 1 27 43 40 40
1918_0024_0036_0049_0049.jpg 1 24 36 49 49
1919_0023_0029_0063_0063.jpg 1 23 29 63 63
1920_0016_0015_0067_0067.jpg 1 16 15 67 67
1921_0023_0036_0052_0052.jpg 1 23 36 52 52
1922_0012_0036_0026_0026.jpg 1 12 36 26 26
1923_0028_0022_0035_0035.jpg 1 28 22 35 35
1924_0051_0049_0029_0029.jpg 1 51 49 29 29
1925_0053_0012_0033_0033.jpg 1 53 12 33 33
1926_0023_0030_0048_0048.jpg 1 23 30 48 48
1927_0016_0016_0064_0064.jpg 1 16 16 64 64
1928_0016_0019_0064_0064.jpg 1 16 19 64 64
1929_0028_0029_0039_0039.jpg 1 28 29 39 39
1930_0018_0014_0053_0053.jpg 1 18 14 53 53
1931_0020_0021_0032_0032.jpg 1 20 21 32 32
1932_0008_0013_0059_0059.jpg 1 8 13 59 59
1933_0008_0045_0030_0030.jpg 1 8 45 30 30
1934_0016_0022_0054_0054.jpg 1 16 22 54 54
1935_0009_0036_0038_0038.jpg 1 9 36 38 38
1936_0048_0052_0027_0027.jpg 1 48 52 27 27
1937_0012_0041_0038_0038.jpg 1 12 41 38 38
1938_0013_0011_0048_0048.jpg 1 13 11 48 48
1939_0006_0032_0059_0059.jpg 1 6 32 59 59
1940_0028_0019_0058_0058.jpg 1 28 19 58 58
1941_0035_0026_0052_0052.jpg 1 35 26 52 52
1942_0048_0040_0033_0033.jpg 1 48 40 33 33
1943_0029_0025_0062_0062.jpg 1 29 25 62 62
1944_0006_0026_0040_0040.jpg 1 6 26 40 40
1945_0027_0036_0028_0028.jpg 1 27 36 28 28
1946_0019_0010_0069_0069.jpg 1 19 10 69 69
1947_0010_0006_0062_0062.jpg 1 10 6 62 62
1948_0025_0037_0048_0048.jpg 1 25 37 48 48
1949_0005_0022_0067_0067.jpg 1 5 22 67 67
1950_0013_0015_0064_0064.jpg 1 13 15 64 64
1951_0030_0042_0040_0040.jpg 1 30 42 40 40
1952_0007_0012_0031_0031.jpg 1 7 12 31 31
1953_0021_0016_0027_0027.jpg 1 21 16 27 27
1954_0013_0034_0024_0024.jpg 1 13 34 24 24
1955_0024_0042_0047_0047.jpg 1 24 42 47 47
1956_0049_0036_0029_0029.jpg 1 49 36 29 29
1957_0014_0021_0057_0057.jpg 1 14 21 57 57
1958_0050_0018_0032_0032.jpg 1 50 18 32 32
1959_0042_0018_0041_0041.jpg 1 42 18 41 41
1960_0027_0036_0049_0049.jpg 1 27 36 49 49
1961_0003_0017_0069_0069.jpg 1 3 17 69 69
1962_0021_0028_0064_0064.jpg 1 21 28 64 64
1963_0023_0025_0065_0065.jpg 1 23 25 65 65
1964_0021_0022_0053_0053.jpg 1 21 22 53 53
1965_0028_0018_0052_0052.jpg 1 28 18 52 52
1966_0018_0021_0057_0057.jpg 1 18 21 57 57
1967_0016_0005_0069_0069.jpg 1 16 5 69 69
1968_0006_0028_0041_0041.jpg 1 6 28 41 41
1969_0017_0022_0064_0064.jpg 1 17 22 64 64
1970_0036_0031_0054_0054.jpg 1 36 31 54 54
1971_0013_0015_0058_0058.jpg 1 13 15 58 58
1972_0017_0029_0053_0053.jpg 1 17 29 53 53
1973_0020_0036_0036_0036.jpg 1 20 36 36 36
1974_0012_0006_0069_0069.jpg 1 12 6 69 69
1975_0019_0034_0033_0033.jpg 1 19 34 33 33
1976_0047_0009_0036_0036.jpg 1 47 9 36 36
1977_0016_0013_0051_0051.jpg 1 16 13 51 51
1978_0012_0009_0061_0061.jpg 1 12 9 61 61
1979_0040_0008_0037_0037.jpg 1 40 8 37 37
1980_0023_0021_0069_0069.jpg 1 23 21 69 69
1981_0023_0052_0033_0033.jpg 1 23 52 33 33
1982_0046_0055_0026_0026.jpg 1 46 55 26 26
1983_0023_0008_0069_0069.jpg 1 23 8 69 69
1984_0043_0012_0039_0039.jpg 1 43 12 39 39
1985_0045_0038_0027_0027.jpg 1 45 38 27 27
1986_0044_0013_0044_0044.jpg 1 44 13 44 44
1987_0012_0010_0057_0057.jpg 1 12 10 57 57
1988_0005_0015_0052_0052.jpg 1 5 15 52 52
1989_0047_0034_0037_0037.jpg 1 47 34 37 37
1990_0009_0008_0057_0057.jpg 1 9 8 57 57
1991_0043_0011_0042_0042.jpg 1 43 11 42 42
1992_0035_0034_0034_0034.jpg 1 35 34 34 34
1993_0030_0016_0033_0033.jpg 1 30 16 33 33
1994_0018_0033_0050_0050.jpg 1 18 33 50 50
1995_0015_0032_0034_0034.jpg 1 15 32 34 34
1996_0019_0007_0066_0066.jpg 1 19 7 66 66
1997_0020_0030_0054_0054.jpg 1 20 30 54 54
1998_0033_0030_0055_0055.jpg 1 33 30 55 55
1999_0038_0030_0037_0037.jpg 1 38 30 37 37
2000_0025_0005_0066_0066.jpg 1 25 5 66 66
2001_0025_0012_0041_0041.jpg 1 25 12 41 41
2002_0054_0018_0024_0024.jpg 1 54 18 24 24
2003_0028_0008_0054_0054.jpg 1 28 8 54 54
2004_0019_0053_0025_0025.jpg 1 19 53 25 25
2005_0022_0011_0053_0053.jpg 1 22 11 53 53
2006_0034_0014_0037_0037.jpg 1 34 14 37 37
2007_0027_0024_0063_0063.jpg 1 27 24 63 63
2008_0012_0016_0053_0053.jpg 1 12 16 53 53
2009_0015_0012_0042_0042.jpg 1 15 12 42 42
2010_0042_0032_0031_0031.jpg 1 42 32 31 31
2011_0033_0034_0033_0033.jpg 1 33 34 33 33
2012_0042_0035_0030_0030.jpg 1 42 35 30 30
2013_0044_0012_0029_0029.jpg 1 44 12 29 29
2014_0034_0022_0044_0044.jpg 1 34 22 44 44
2015_0005_0006_0065_0065.jpg 1 5 6 65 65
2016_0017_0036_0041_0041.jpg 1 17 36 41 41
2017_0004_0020_0061_0061.jpg 1 4 20 61 61
2018_0019_0005_0049_0049.jpg 1 19 5 49 49
2019_0019_0018_0060_0060.jpg 1 19 18 60 60
2020_0014_0012_0068_0068.jpg 1 14 12 68 68
2021_0013_0019_0031_0031.jpg 1 13 19 31 31
2022_0009_0025_0065_0065.jpg 1 9 25 65 65
2023_0021_0025_0064_0064.jpg 1 21 25 64 64
2024_0031_0018_0034_0034.jpg 1 31 18 34 34
2025_0015_0035_0047_0047.jpg 1 15 35 47 47
2026_0012_0023_0044_0044.jpg 1 12 23 44 44
2027_0011_0026_0029_0029.jpg 1 11 26 29 29
2028_0013_0024_0060_0060.jpg 1 13 24 60 60
2029_0013_0017_0036_0036.jpg 1 13 17 36 36
2030_0004_0012_0060_0060.jpg 1 4 12 60 60
2031_0024_0029_0026_0026.jpg 1 24 29 26 26
2032_0041_0043_0029_0029.jpg 1 41 43 29 29
2033_0025_0048_0032_0032.jpg 1 25 48 32 32
2034_0007_0020_0051_0051.jpg 1 7 20 51 51
2035_0014_0012_0034_0034.jpg 1 14 12 34 34
2036_0018_0035_0041_0041.jpg 1 18 35 41 41
2037_0027_0021_0055_0055.jpg 1 27 21 55 55
2038_0044_0043_0029_0029.jpg 1 44 43 29 29
2039_0020_0031_0029_0029.jpg 1 20 31 29 29
2040_0007_0023_0037_0037.jpg 1 7 23 37 37
2041_0026_0039_0045_0045.jpg 1 26 39 45 45
2042_0022_0014_0063_0063.jpg 1 22 14 63 63
2043_0011_0024_0030_0030.jpg 1 11 24 30 30
2044_0044_0033_0042_0042.jpg 1 44 33 42 42
2045_0018_0034_0037_0037.jpg 1 18 34 37 37
2046_0044_0012_0034_0034.jpg 1 44 12 34 34
2047_0005_0007_0064_0064.jpg 1 5 7 64 64
2048_0017_0049_0025_0025.jpg 1 17 49 25 25
2049_0024_0027_0054_0054.jpg 1 24 27 54 54
2050_0035_0014_0039_0039.jpg 1 35 14 39 39
2051_0047_0036_0041_0041.jpg 1 47 36 41 41
2052_0038_0019_0024_0024.jpg 1 38 19 24 24
2053_0017_0022_0048_0048.jpg 1 17 22 48 48
2054_0007_0015_0029_0029.jpg 1 7 15 29 29
2055_0023_0016_0061_0061.jpg 1 23 16 61 61
2056_0016_0031_0060_0060.jpg 1 16 31 60 60
2057_0032_0036_0048_0048.jpg 1 32 36 48 48
2058_0035_0022_0039_0039.jpg 1 35 22 39 39
2059_0009_0018_0027_0027.jpg 1 9 18 27 27
2060_0022_0039_0025_0025.jpg 1 22 39 25 25
2061_0034_0025_0048_0048.jpg 1 34 25 48 48
2062_0014_0013_0063_0063.jpg 1 14 13 63 63
2063_0046_0017_0040_0040.jpg 1 46 17 40 40
2064_0005_0005_0061_0061.jpg 1 5 5 61 61
2065_0005_0017_0066_0066.jpg 1 5 17 66 66
2066_0016_0057_0025_0025.jpg 1 16 57 25 25
2067_0029_0030_0048_0048.jpg 1 29 30 48 48
2068_0024_0030_0051_0051.jpg 1 24 30 51 51
2069_0035_0020_0043_0043.jpg 1 35 20 43 43
2070_0048_0040_0035_0035.jpg 1 48 40 35 35
2071_0033_0029_0047_0047.jpg 1 33 29 47 47
2072_0006_0013_0053_0053.jpg 1 6 13 53 53
2073_0008_0050_0030_0030.jpg 1 8 50 30 30
2074_0025_0019_0050_0050.jpg 1 25 19 50 50
2075_0041_0051_0025_0025.jpg 1 41 51 25 25
2076_0043_0049_0026_0026.jpg 1 43 49 26 26
2077_0005_0016_0054_0054.jpg 1 5 16 54 54
2078_0010_0037_0041_0041.jpg 1 10 37 41 41
2079_0042_0043_0039_0039.jpg 1 42 43 39 39
2080_0007_0024_0066_0066.jpg 1 7 24 66 66
2081_0043_0020_0039_0039.jpg 1 43 20 39 39
2082_0021_0004_0051_0051.jpg 1 21 4 51 51
2083_0016_0014_0061_0061.jpg 1 16 14 61 61
2084_0026_0011_0052_0052.jpg 1 26 11 52 52
2085_0025_0015_0056_0056.jpg 1 25 15 56 56
2086_0011_0006_0063_0063.jpg 1 11 6 63 63
2087_0040_0056_0024_0024.jpg 1 40 56 24 24
2088_0016_0021_0069_0069.jpg 1 16 21 69 69
2089_0024_0025_0067_0067.jpg 1 24 25 67 67
2090_0053_0053_0032_0032.jpg 1 53 53 32 32
2091_0024_0034_0048_0048.jpg 1 24 34 48 48
2092_0026_0020_0050_0050.jpg 1 26 20 50 50
2093_0039_0012_0027_0027.jpg 1 39 12 27 27
2094_0009_0011_0066_0066.jpg 1 9 11 66 66
2095_0040_0027_0046_0046.jpg 1 40 27 46 46
2096_0019_0028_0053_0053.jpg 1 19 28 53 53
2097_0006_0012_0052_0052.jpg 1 6 12 52 52
2098_0050_0020_0025_0025.jpg 1 50 20 25 25
2099_0023_0020_0038_0038.jpg 1 23 20 38 38
2100_0037_0017_0024_0024.jpg 1 37 17 24 24
2101_0009_0020_0024_0024.jpg 1 9 20 24 24
2102_0024_0024_0040_0040.jpg 1 24 24 40 40
2103_0009_0007_0054_0054.jpg 1 9 7 54 54
2104_0009_0026_0061_0061.jpg 1 9 26 61 61
2105_0007_0027_0055_0055.jpg 1 7 27 55 55
2106_0048_0044_0031_0031.jpg 1 48 44 31 31
2107_0009_0015_0051_0051.jpg 1 9 15 51 51
2108_0033_0030_0025_0025.jpg 1 33 30 25 25
2109_0031_0026_0059_0059.jpg 1 31 26 59 59
2110_0004_0008_0069_0069.jpg 1 4 8 69 69
2111_0013_0039_0030_0030.jpg 1 13 39 30 30
2112_0026_0014_0067_0067.jpg 1 26 14 67 67
2113_0014_0011_0056_0056.jpg 1 14 11 56 56
2114_0015_0026_0031_0031.jpg 1 15 26 31 31
2115_0020_0021_0069_0069.jpg 1 20 21 69 69
2116_0031_0020_0051_0051.jpg 1 31 20 51 51
2117_0032_0019_0047_0047.jpg 1 32 19 47 47
2118_0019_0033_0053_0053.jpg 1 19 33 53 53
2119_0014_0016_0045_0045.jpg 1 14 16 45 45
2120_0043_0059_0025_0025.jpg 1 43 59 25 25
2121_0048_0044_0026_0026.jpg 1 48 44 26 26
2122_0017_0004_0069_0069.jpg 1 17 4 69 69
2123_0036_0037_0052_0052.jpg 1 36 37 52 52
2124_0012_0014_0066_0066.jpg 1 12 14 66 66
2125_0021_0046_0040_0040.jpg 1 21 46 40 40
2126_0019_0022_0067_0067.jpg 1 19 22 67 67
2127_0021_0004_0061_0061.jpg 1 21 4 61 61
2128_0023_0013_0067_0067.jpg 1 23 13 67 67
2129_0018_0011_0048_0048.jpg 1 18 11 48 48
2130_0005_0007_0059_0059.jpg 1 5 7 59 59
2131_0014_0017_0031_0031.jpg 1 14 17 31 31
2132_0008_0005_0068_0068.jpg 1 8 5 68 68
2133_0019_0012_0026_0026.jpg 1 19 12 26 26
2134_0004_0028_0064_0064.jpg 1 4 28 64 64
2135_0010_0005_0064_0064.jpg 1 10 5 64 64
2136_0028_0009_0059_0059.jpg 1 28 9 59 59
2137_0041_0024_0044_0044.jpg 1 41 24 44 44
2138_0004_0015_0064_0064.jpg 1 4 15 64 64
2139_0035_0029_0025_0025.jpg 1 35 29 25 25
2140_0015_0037_0050_0050.jpg 1 15 37 50 50
2141_0023_0010_0045_0045.jpg 1 23 10 45 45
2142_0005_0003_0066_0066.jpg 1 5 3 66 66
2143_0025_0031_0045_0045.jpg 1 25 31 45 45
2144_0032_0023_0056_0056.jpg 1 32 23 56 56
2145_0057_0042_0026_0026.jpg 1 57 42 26 26
2146_0018_0026_0052_0052.jpg 1 18 26 52 52
2147_0017_0043_0042_0042.jpg 1 17 43 42 42
2148_0016_0034_0031_0031.jpg 1 16 34 31 31
2149_0007_0020_0063_0063.jpg 1 7 20 63 63
2150_0035_0033_0028_0028.jpg 1 35 33 28 28
2151_0020_0029_0028_0028.jpg 1 20 29 28 28
2152_0023_0009_0052_0052.jpg 1 23 9 52 52
2153_0019_0033_0043_0043.jpg 1 19 33 43 43
2154_0029_0019_0057_0057.jpg 1 29 19 57 57
2155_0012_0040_0039_0039.jpg 1 12 40 39 39
2156_0026_0026_0059_0059.jpg 1 26 26 59 59
2157_0015_0006_0064_0064.jpg 1 15 6 64 64
2158_0008_0012_0050_0050.jpg 1 8 12 50 50
2159_0021_0038_0036_0036.jpg 1 21 38 36 36
2160_0036_0017_0051_0051.jpg 1 36 17 51 51
2161_0027_0015_0057_0057.jpg 1 27 15 57 57
2162_0007_0026_0045_0045.jpg 1 7 26 45 45
2163_0043_0013_0044_0044.jpg 1 43 13 44 44
2164_0030_0009_0050_0050.jpg 1 30 9 50 50
2165_0016_0020_0062_0062.jpg 1 16 20 62 62
2166_0024_0021_0057_0057.jpg 1 24 21 57 57
2167_0039_0019_0039_0039.jpg 1 39 19 39 39
2168_0019_0027_0063_0063.jpg 1 19 27 63 63
2169_0006_0023_0042_0042.jpg 1 6 23 42 42
2170_0010_0007_0030_0030.jpg 1 10 7 30 30
2171_0021_0013_0069_0069.jpg 1 21 13 69 69
2172_0054_0046_0024_0024.jpg 1 54 46 24 24
2173_0013_0008_0069_0069.jpg 1 13 8 69 69
2174_0032_0022_0054_0054.jpg 1 32 22 54 54
2175_0012_0026_0063_0063.jpg 1 12 26 63 63
2176_0006_0023_0067_0067.jpg 1 6 23 67 67
2177_0019_0037_0038_0038.jpg 1 19 37 38 38
2178_0008_0010_0069_0069.jpg 1 8 10 69 69
2179_0056_0021_0026_0026.jpg 1 56 21 26 26
2180_0046_0048_0024_0024.jpg 1 46 48 24 24
2181_0008_0022_0068_0068.jpg 1 8 22 68 68
2182_0045_0009_0039_0039.jpg 1 45 9 39 39
2183_0015_0009_0055_0055.jpg 1 15 9 55 55
2184_0009_0045_0030_0030.jpg 1 9 45 30 30
2185_0042_0032_0027_0027.jpg 1 42 32 27 27
2186_0010_0021_0043_0043.jpg 1 10 21 43 43
2187_0027_0010_0054_0054.jpg 1 27 10 54 54
2188_0013_0009_0041_0041.jpg 1 13 9 41 41
2189_0033_0024_0033_0033.jpg 1 33 24 33 33
2190_0023_0034_0053_0053.jpg 1 23 34 53 53
2191_0011_0014_0059_0059.jpg 1 11 14 59 59
2192_0008_0025_0062_0062.jpg 1 8 25 62 62
2193_0042_0024_0038_0038.jpg 1 42 24 38 38
2194_0036_0011_0036_0036.jpg 1 36 11 36 36
2195_0020_0021_0059_0059.jpg 1 20 21 59 59
2196_0009_0019_0063_0063.jpg 1 9 19 63 63
2197_0018_0046_0039_0039.jpg 1 18 46 39 39
2198_0031_0030_0058_0058.jpg 1 31 30 58 58
2199_0012_0022_0054_0054.jpg 1 12 22 54 54
2200_0006_0007_0045_0045.jpg 1 6 7 45 45
